2025-04-11T19:11:07.414Z - 서버 시작 중...
2025-04-11T19:11:19.948Z - GET /jobs/categories?limit=20&categories=frontend&regions=%EC%84%9C%EC%9A%B8, headers: {"host":"localhost:3000","connection":"keep-alive","sec-ch-ua-platform":"\"Windows\"","user-agent":"Mozilla/5.0 (Windows NT 10.0; Win64; x64) AppleWebKit/537.36 (KHTML, like Gecko) Chrome/135.0.0.0 Safari/537.36","accept":"application/json, text/plain, */*","sec-ch-ua":"\"Google Chrome\";v=\"135\", \"Not-A.Brand\";v=\"8\", \"Chromium\";v=\"135\"","sec-ch-ua-mobile":"?0","origin":"http://localhost:5173","sec-fetch-site":"same-site","sec-fetch-mode":"cors","sec-fetch-dest":"empty","referer":"http://localhost:5173/","accept-encoding":"gzip, deflate, br, zstd","accept-language":"ko-KR,ko;q=0.9,en-US;q=0.8,en;q=0.7","cookie":"accessToken=eyJhbGciOiJIUzI1NiIsInR5cCI6IkpXVCJ9.eyJlbWFpbCI6Inlzb3Rnb29kQGdtYWlsLmNvbSIsInN1YiI6MywiaWF0IjoxNzQ0Mzk2OTUyLCJleHAiOjE3NDQzOTc4NTJ9.Gch7FXmZrOtblJFzgBuReDrD-6w0N7XivsB7iaQ6Ca8; refreshToken=eyJhbGciOiJIUzI1NiIsInR5cCI6IkpXVCJ9.eyJlbWFpbCI6Inlzb3Rnb29kQGdtYWlsLmNvbSIsInN1YiI6MywiaWF0IjoxNzQ0Mzk2OTUyLCJleHAiOjE3NDUwMDE3NTJ9.mhef-rIt7VJFzPVpDMRb5TDUkSVM3FSgBOf9pI1zfb0"}
2025-04-11T19:11:19.954Z - 예외 발생: GET /jobs/categories?limit=20&categories=frontend&regions=%EC%84%9C%EC%9A%B8, 
      오류: Validation failed (numeric string is expected), 
      스택: BadRequestException: Validation failed (numeric string is expected)
    at ParseIntPipe.exceptionFactory (F:\PJT 자료\Jobsync-Backend\JobSync-Backend\node_modules\@nestjs\common\pipes\parse-int.pipe.js:24:27)
    at ParseIntPipe.transform (F:\PJT 자료\Jobsync-Backend\JobSync-Backend\node_modules\@nestjs\common\pipes\parse-int.pipe.js:38:24)
    at F:\PJT 자료\Jobsync-Backend\JobSync-Backend\node_modules\@nestjs\core\pipes\pipes-consumer.js:16:33
    at process.processTicksAndRejections (node:internal/process/task_queues:95:5)
    at async resolveParamValue (F:\PJT 자료\Jobsync-Backend\JobSync-Backend\node_modules\@nestjs\core\router\router-execution-context.js:148:23)
    at async Promise.all (index 0)
    at async pipesFn (F:\PJT 자료\Jobsync-Backend\JobSync-Backend\node_modules\@nestjs\core\router\router-execution-context.js:151:13)
    at async F:\PJT 자료\Jobsync-Backend\JobSync-Backend\node_modules\@nestjs\core\router\router-execution-context.js:37:30
    at async F:\PJT 자료\Jobsync-Backend\JobSync-Backend\node_modules\@nestjs\core\router\router-execution-context.js:46:28
    at async F:\PJT 자료\Jobsync-Backend\JobSync-Backend\node_modules\@nestjs\core\router\router-proxy.js:9:17
2025-04-11T19:11:19.958Z - Response 400 for GET /jobs/categories?limit=20&categories=frontend&regions=%EC%84%9C%EC%9A%B8
2025-04-11T19:11:20.977Z - GET /jobs/categories?limit=20&categories=frontend&regions=%EC%84%9C%EC%9A%B8, headers: {"host":"localhost:3000","connection":"keep-alive","sec-ch-ua-platform":"\"Windows\"","user-agent":"Mozilla/5.0 (Windows NT 10.0; Win64; x64) AppleWebKit/537.36 (KHTML, like Gecko) Chrome/135.0.0.0 Safari/537.36","accept":"application/json, text/plain, */*","sec-ch-ua":"\"Google Chrome\";v=\"135\", \"Not-A.Brand\";v=\"8\", \"Chromium\";v=\"135\"","sec-ch-ua-mobile":"?0","origin":"http://localhost:5173","sec-fetch-site":"same-site","sec-fetch-mode":"cors","sec-fetch-dest":"empty","referer":"http://localhost:5173/","accept-encoding":"gzip, deflate, br, zstd","accept-language":"ko-KR,ko;q=0.9,en-US;q=0.8,en;q=0.7","cookie":"accessToken=eyJhbGciOiJIUzI1NiIsInR5cCI6IkpXVCJ9.eyJlbWFpbCI6Inlzb3Rnb29kQGdtYWlsLmNvbSIsInN1YiI6MywiaWF0IjoxNzQ0Mzk2OTUyLCJleHAiOjE3NDQzOTc4NTJ9.Gch7FXmZrOtblJFzgBuReDrD-6w0N7XivsB7iaQ6Ca8; refreshToken=eyJhbGciOiJIUzI1NiIsInR5cCI6IkpXVCJ9.eyJlbWFpbCI6Inlzb3Rnb29kQGdtYWlsLmNvbSIsInN1YiI6MywiaWF0IjoxNzQ0Mzk2OTUyLCJleHAiOjE3NDUwMDE3NTJ9.mhef-rIt7VJFzPVpDMRb5TDUkSVM3FSgBOf9pI1zfb0"}
2025-04-11T19:11:20.979Z - 예외 발생: GET /jobs/categories?limit=20&categories=frontend&regions=%EC%84%9C%EC%9A%B8, 
      오류: Validation failed (numeric string is expected), 
      스택: BadRequestException: Validation failed (numeric string is expected)
    at ParseIntPipe.exceptionFactory (F:\PJT 자료\Jobsync-Backend\JobSync-Backend\node_modules\@nestjs\common\pipes\parse-int.pipe.js:24:27)
    at ParseIntPipe.transform (F:\PJT 자료\Jobsync-Backend\JobSync-Backend\node_modules\@nestjs\common\pipes\parse-int.pipe.js:38:24)
    at F:\PJT 자료\Jobsync-Backend\JobSync-Backend\node_modules\@nestjs\core\pipes\pipes-consumer.js:16:33
    at process.processTicksAndRejections (node:internal/process/task_queues:95:5)
    at async resolveParamValue (F:\PJT 자료\Jobsync-Backend\JobSync-Backend\node_modules\@nestjs\core\router\router-execution-context.js:148:23)
    at async Promise.all (index 0)
    at async pipesFn (F:\PJT 자료\Jobsync-Backend\JobSync-Backend\node_modules\@nestjs\core\router\router-execution-context.js:151:13)
    at async F:\PJT 자료\Jobsync-Backend\JobSync-Backend\node_modules\@nestjs\core\router\router-execution-context.js:37:30
    at async F:\PJT 자료\Jobsync-Backend\JobSync-Backend\node_modules\@nestjs\core\router\router-execution-context.js:46:28
    at async F:\PJT 자료\Jobsync-Backend\JobSync-Backend\node_modules\@nestjs\core\router\router-proxy.js:9:17
2025-04-11T19:11:20.980Z - Response 400 for GET /jobs/categories?limit=20&categories=frontend&regions=%EC%84%9C%EC%9A%B8
2025-04-11T19:14:38.599Z - GET /favorites, headers: {"host":"localhost:3000","connection":"keep-alive","sec-ch-ua-platform":"\"Windows\"","user-agent":"Mozilla/5.0 (Windows NT 10.0; Win64; x64) AppleWebKit/537.36 (KHTML, like Gecko) Chrome/135.0.0.0 Safari/537.36","accept":"application/json, text/plain, */*","sec-ch-ua":"\"Google Chrome\";v=\"135\", \"Not-A.Brand\";v=\"8\", \"Chromium\";v=\"135\"","sec-ch-ua-mobile":"?0","origin":"http://localhost:5173","sec-fetch-site":"same-site","sec-fetch-mode":"cors","sec-fetch-dest":"empty","referer":"http://localhost:5173/","accept-encoding":"gzip, deflate, br, zstd","accept-language":"ko-KR,ko;q=0.9,en-US;q=0.8,en;q=0.7","cookie":"accessToken=eyJhbGciOiJIUzI1NiIsInR5cCI6IkpXVCJ9.eyJlbWFpbCI6Inlzb3Rnb29kQGdtYWlsLmNvbSIsInN1YiI6MywiaWF0IjoxNzQ0Mzk2OTUyLCJleHAiOjE3NDQzOTc4NTJ9.Gch7FXmZrOtblJFzgBuReDrD-6w0N7XivsB7iaQ6Ca8; refreshToken=eyJhbGciOiJIUzI1NiIsInR5cCI6IkpXVCJ9.eyJlbWFpbCI6Inlzb3Rnb29kQGdtYWlsLmNvbSIsInN1YiI6MywiaWF0IjoxNzQ0Mzk2OTUyLCJleHAiOjE3NDUwMDE3NTJ9.mhef-rIt7VJFzPVpDMRb5TDUkSVM3FSgBOf9pI1zfb0","if-none-match":"W/\"439-QuVZYTZjm2UmSoLIE+kxvuA+S+k\""}
2025-04-11T19:14:38.606Z - 예외 발생: GET /favorites, 
      오류: Unauthorized, 
      스택: UnauthorizedException: Unauthorized
    at JwtAuthGuard.handleRequest (F:\PJT 자료\Jobsync-Backend\JobSync-Backend\node_modules\@nestjs\passport\dist\auth.guard.js:60:30)
    at F:\PJT 자료\Jobsync-Backend\JobSync-Backend\node_modules\@nestjs\passport\dist\auth.guard.js:44:124
    at F:\PJT 자료\Jobsync-Backend\JobSync-Backend\node_modules\@nestjs\passport\dist\auth.guard.js:83:24
    at allFailed (F:\PJT 자료\Jobsync-Backend\JobSync-Backend\node_modules\passport\lib\middleware\authenticate.js:110:18)
    at attempt (F:\PJT 자료\Jobsync-Backend\JobSync-Backend\node_modules\passport\lib\middleware\authenticate.js:183:28)
    at strategy.fail (F:\PJT 자료\Jobsync-Backend\JobSync-Backend\node_modules\passport\lib\middleware\authenticate.js:314:9)
    at F:\PJT 자료\Jobsync-Backend\JobSync-Backend\node_modules\passport-jwt\lib\strategy.js:106:33
    at F:\PJT 자료\Jobsync-Backend\JobSync-Backend\node_modules\jsonwebtoken\verify.js:190:16
    at getSecret (F:\PJT 자료\Jobsync-Backend\JobSync-Backend\node_modules\jsonwebtoken\verify.js:97:14)
    at module.exports [as verify] (F:\PJT 자료\Jobsync-Backend\JobSync-Backend\node_modules\jsonwebtoken\verify.js:101:10)
2025-04-11T19:14:38.607Z - Response 401 for GET /favorites
2025-04-11T19:14:38.608Z - GET /jobs?limit=10, headers: {"host":"localhost:3000","connection":"keep-alive","sec-ch-ua-platform":"\"Windows\"","user-agent":"Mozilla/5.0 (Windows NT 10.0; Win64; x64) AppleWebKit/537.36 (KHTML, like Gecko) Chrome/135.0.0.0 Safari/537.36","accept":"application/json, text/plain, */*","sec-ch-ua":"\"Google Chrome\";v=\"135\", \"Not-A.Brand\";v=\"8\", \"Chromium\";v=\"135\"","sec-ch-ua-mobile":"?0","origin":"http://localhost:5173","sec-fetch-site":"same-site","sec-fetch-mode":"cors","sec-fetch-dest":"empty","referer":"http://localhost:5173/","accept-encoding":"gzip, deflate, br, zstd","accept-language":"ko-KR,ko;q=0.9,en-US;q=0.8,en;q=0.7","cookie":"accessToken=eyJhbGciOiJIUzI1NiIsInR5cCI6IkpXVCJ9.eyJlbWFpbCI6Inlzb3Rnb29kQGdtYWlsLmNvbSIsInN1YiI6MywiaWF0IjoxNzQ0Mzk2OTUyLCJleHAiOjE3NDQzOTc4NTJ9.Gch7FXmZrOtblJFzgBuReDrD-6w0N7XivsB7iaQ6Ca8; refreshToken=eyJhbGciOiJIUzI1NiIsInR5cCI6IkpXVCJ9.eyJlbWFpbCI6Inlzb3Rnb29kQGdtYWlsLmNvbSIsInN1YiI6MywiaWF0IjoxNzQ0Mzk2OTUyLCJleHAiOjE3NDUwMDE3NTJ9.mhef-rIt7VJFzPVpDMRb5TDUkSVM3FSgBOf9pI1zfb0","if-none-match":"W/\"125c-6W49U4qH4qtR4SQ4zZqWvMT9f8A\""}
2025-04-11T19:14:38.615Z - GET /auth/me, headers: {"host":"localhost:3000","connection":"keep-alive","sec-ch-ua-platform":"\"Windows\"","user-agent":"Mozilla/5.0 (Windows NT 10.0; Win64; x64) AppleWebKit/537.36 (KHTML, like Gecko) Chrome/135.0.0.0 Safari/537.36","accept":"application/json, text/plain, */*","sec-ch-ua":"\"Google Chrome\";v=\"135\", \"Not-A.Brand\";v=\"8\", \"Chromium\";v=\"135\"","sec-ch-ua-mobile":"?0","origin":"http://localhost:5173","sec-fetch-site":"same-site","sec-fetch-mode":"cors","sec-fetch-dest":"empty","referer":"http://localhost:5173/","accept-encoding":"gzip, deflate, br, zstd","accept-language":"ko-KR,ko;q=0.9,en-US;q=0.8,en;q=0.7","cookie":"accessToken=eyJhbGciOiJIUzI1NiIsInR5cCI6IkpXVCJ9.eyJlbWFpbCI6Inlzb3Rnb29kQGdtYWlsLmNvbSIsInN1YiI6MywiaWF0IjoxNzQ0Mzk2OTUyLCJleHAiOjE3NDQzOTc4NTJ9.Gch7FXmZrOtblJFzgBuReDrD-6w0N7XivsB7iaQ6Ca8; refreshToken=eyJhbGciOiJIUzI1NiIsInR5cCI6IkpXVCJ9.eyJlbWFpbCI6Inlzb3Rnb29kQGdtYWlsLmNvbSIsInN1YiI6MywiaWF0IjoxNzQ0Mzk2OTUyLCJleHAiOjE3NDUwMDE3NTJ9.mhef-rIt7VJFzPVpDMRb5TDUkSVM3FSgBOf9pI1zfb0","if-none-match":"W/\"f1-gNQGtVteja6WexCoUCkFukNox1E\""}
2025-04-11T19:14:38.619Z - 예외 발생: GET /auth/me, 
      오류: Unauthorized, 
      스택: UnauthorizedException: Unauthorized
    at JwtAuthGuard.handleRequest (F:\PJT 자료\Jobsync-Backend\JobSync-Backend\node_modules\@nestjs\passport\dist\auth.guard.js:60:30)
    at F:\PJT 자료\Jobsync-Backend\JobSync-Backend\node_modules\@nestjs\passport\dist\auth.guard.js:44:124
    at F:\PJT 자료\Jobsync-Backend\JobSync-Backend\node_modules\@nestjs\passport\dist\auth.guard.js:83:24
    at allFailed (F:\PJT 자료\Jobsync-Backend\JobSync-Backend\node_modules\passport\lib\middleware\authenticate.js:110:18)
    at attempt (F:\PJT 자료\Jobsync-Backend\JobSync-Backend\node_modules\passport\lib\middleware\authenticate.js:183:28)
    at strategy.fail (F:\PJT 자료\Jobsync-Backend\JobSync-Backend\node_modules\passport\lib\middleware\authenticate.js:314:9)
    at F:\PJT 자료\Jobsync-Backend\JobSync-Backend\node_modules\passport-jwt\lib\strategy.js:106:33
    at F:\PJT 자료\Jobsync-Backend\JobSync-Backend\node_modules\jsonwebtoken\verify.js:190:16
    at getSecret (F:\PJT 자료\Jobsync-Backend\JobSync-Backend\node_modules\jsonwebtoken\verify.js:97:14)
    at module.exports [as verify] (F:\PJT 자료\Jobsync-Backend\JobSync-Backend\node_modules\jsonwebtoken\verify.js:101:10)
2025-04-11T19:14:38.621Z - Response 401 for GET /auth/me
2025-04-11T19:14:38.626Z - GET /auth/me, headers: {"host":"localhost:3000","connection":"keep-alive","sec-ch-ua-platform":"\"Windows\"","user-agent":"Mozilla/5.0 (Windows NT 10.0; Win64; x64) AppleWebKit/537.36 (KHTML, like Gecko) Chrome/135.0.0.0 Safari/537.36","accept":"application/json, text/plain, */*","sec-ch-ua":"\"Google Chrome\";v=\"135\", \"Not-A.Brand\";v=\"8\", \"Chromium\";v=\"135\"","sec-ch-ua-mobile":"?0","origin":"http://localhost:5173","sec-fetch-site":"same-site","sec-fetch-mode":"cors","sec-fetch-dest":"empty","referer":"http://localhost:5173/","accept-encoding":"gzip, deflate, br, zstd","accept-language":"ko-KR,ko;q=0.9,en-US;q=0.8,en;q=0.7","cookie":"accessToken=eyJhbGciOiJIUzI1NiIsInR5cCI6IkpXVCJ9.eyJlbWFpbCI6Inlzb3Rnb29kQGdtYWlsLmNvbSIsInN1YiI6MywiaWF0IjoxNzQ0Mzk2OTUyLCJleHAiOjE3NDQzOTc4NTJ9.Gch7FXmZrOtblJFzgBuReDrD-6w0N7XivsB7iaQ6Ca8; refreshToken=eyJhbGciOiJIUzI1NiIsInR5cCI6IkpXVCJ9.eyJlbWFpbCI6Inlzb3Rnb29kQGdtYWlsLmNvbSIsInN1YiI6MywiaWF0IjoxNzQ0Mzk2OTUyLCJleHAiOjE3NDUwMDE3NTJ9.mhef-rIt7VJFzPVpDMRb5TDUkSVM3FSgBOf9pI1zfb0","if-none-match":"W/\"f1-gNQGtVteja6WexCoUCkFukNox1E\""}
2025-04-11T19:14:38.640Z - 예외 발생: GET /auth/me, 
      오류: Unauthorized, 
      스택: UnauthorizedException: Unauthorized
    at JwtAuthGuard.handleRequest (F:\PJT 자료\Jobsync-Backend\JobSync-Backend\node_modules\@nestjs\passport\dist\auth.guard.js:60:30)
    at F:\PJT 자료\Jobsync-Backend\JobSync-Backend\node_modules\@nestjs\passport\dist\auth.guard.js:44:124
    at F:\PJT 자료\Jobsync-Backend\JobSync-Backend\node_modules\@nestjs\passport\dist\auth.guard.js:83:24
    at allFailed (F:\PJT 자료\Jobsync-Backend\JobSync-Backend\node_modules\passport\lib\middleware\authenticate.js:110:18)
    at attempt (F:\PJT 자료\Jobsync-Backend\JobSync-Backend\node_modules\passport\lib\middleware\authenticate.js:183:28)
    at strategy.fail (F:\PJT 자료\Jobsync-Backend\JobSync-Backend\node_modules\passport\lib\middleware\authenticate.js:314:9)
    at F:\PJT 자료\Jobsync-Backend\JobSync-Backend\node_modules\passport-jwt\lib\strategy.js:106:33
    at F:\PJT 자료\Jobsync-Backend\JobSync-Backend\node_modules\jsonwebtoken\verify.js:190:16
    at getSecret (F:\PJT 자료\Jobsync-Backend\JobSync-Backend\node_modules\jsonwebtoken\verify.js:97:14)
    at module.exports [as verify] (F:\PJT 자료\Jobsync-Backend\JobSync-Backend\node_modules\jsonwebtoken\verify.js:101:10)
2025-04-11T19:14:38.643Z - Response 401 for GET /auth/me
2025-04-11T19:14:38.655Z - POST /auth/refresh, headers: {"host":"localhost:3000","connection":"keep-alive","content-length":"0","sec-ch-ua-platform":"\"Windows\"","user-agent":"Mozilla/5.0 (Windows NT 10.0; Win64; x64) AppleWebKit/537.36 (KHTML, like Gecko) Chrome/135.0.0.0 Safari/537.36","accept":"application/json, text/plain, */*","sec-ch-ua":"\"Google Chrome\";v=\"135\", \"Not-A.Brand\";v=\"8\", \"Chromium\";v=\"135\"","sec-ch-ua-mobile":"?0","origin":"http://localhost:5173","sec-fetch-site":"same-site","sec-fetch-mode":"cors","sec-fetch-dest":"empty","referer":"http://localhost:5173/","accept-encoding":"gzip, deflate, br, zstd","accept-language":"ko-KR,ko;q=0.9,en-US;q=0.8,en;q=0.7","cookie":"accessToken=eyJhbGciOiJIUzI1NiIsInR5cCI6IkpXVCJ9.eyJlbWFpbCI6Inlzb3Rnb29kQGdtYWlsLmNvbSIsInN1YiI6MywiaWF0IjoxNzQ0Mzk2OTUyLCJleHAiOjE3NDQzOTc4NTJ9.Gch7FXmZrOtblJFzgBuReDrD-6w0N7XivsB7iaQ6Ca8; refreshToken=eyJhbGciOiJIUzI1NiIsInR5cCI6IkpXVCJ9.eyJlbWFpbCI6Inlzb3Rnb29kQGdtYWlsLmNvbSIsInN1YiI6MywiaWF0IjoxNzQ0Mzk2OTUyLCJleHAiOjE3NDUwMDE3NTJ9.mhef-rIt7VJFzPVpDMRb5TDUkSVM3FSgBOf9pI1zfb0"}
2025-04-11T19:14:38.662Z - 예외 발생: POST /auth/refresh, 
      오류: Invalid token, 
      스택: UnauthorizedException: Invalid token
    at AuthService.refreshToken (F:\PJT 자료\Jobsync-Backend\JobSync-Backend\src\modules\auth\auth.service.ts:201:13)
    at AuthController.refreshToken (F:\PJT 자료\Jobsync-Backend\JobSync-Backend\src\modules\auth\auth.controller.ts:78:29)
    at F:\PJT 자료\Jobsync-Backend\JobSync-Backend\node_modules\@nestjs\core\router\router-execution-context.js:38:29
    at process.processTicksAndRejections (node:internal/process/task_queues:95:5)
    at async F:\PJT 자료\Jobsync-Backend\JobSync-Backend\node_modules\@nestjs\core\router\router-execution-context.js:46:28
    at async F:\PJT 자료\Jobsync-Backend\JobSync-Backend\node_modules\@nestjs\core\router\router-proxy.js:9:17
2025-04-11T19:14:38.663Z - Response 401 for POST /auth/refresh
2025-04-11T19:14:38.723Z - Response 304 for GET /jobs?limit=10
2025-04-11T19:14:39.272Z - GET /favorites, headers: {"host":"localhost:3000","connection":"keep-alive","sec-ch-ua-platform":"\"Windows\"","user-agent":"Mozilla/5.0 (Windows NT 10.0; Win64; x64) AppleWebKit/537.36 (KHTML, like Gecko) Chrome/135.0.0.0 Safari/537.36","accept":"application/json, text/plain, */*","sec-ch-ua":"\"Google Chrome\";v=\"135\", \"Not-A.Brand\";v=\"8\", \"Chromium\";v=\"135\"","sec-ch-ua-mobile":"?0","origin":"http://localhost:5173","sec-fetch-site":"same-site","sec-fetch-mode":"cors","sec-fetch-dest":"empty","referer":"http://localhost:5173/","accept-encoding":"gzip, deflate, br, zstd","accept-language":"ko-KR,ko;q=0.9,en-US;q=0.8,en;q=0.7","cookie":"accessToken=eyJhbGciOiJIUzI1NiIsInR5cCI6IkpXVCJ9.eyJlbWFpbCI6Inlzb3Rnb29kQGdtYWlsLmNvbSIsInN1YiI6MywiaWF0IjoxNzQ0Mzk2OTUyLCJleHAiOjE3NDQzOTc4NTJ9.Gch7FXmZrOtblJFzgBuReDrD-6w0N7XivsB7iaQ6Ca8; refreshToken=eyJhbGciOiJIUzI1NiIsInR5cCI6IkpXVCJ9.eyJlbWFpbCI6Inlzb3Rnb29kQGdtYWlsLmNvbSIsInN1YiI6MywiaWF0IjoxNzQ0Mzk2OTUyLCJleHAiOjE3NDUwMDE3NTJ9.mhef-rIt7VJFzPVpDMRb5TDUkSVM3FSgBOf9pI1zfb0","if-none-match":"W/\"439-QuVZYTZjm2UmSoLIE+kxvuA+S+k\""}
2025-04-11T19:14:39.275Z - 예외 발생: GET /favorites, 
      오류: Unauthorized, 
      스택: UnauthorizedException: Unauthorized
    at JwtAuthGuard.handleRequest (F:\PJT 자료\Jobsync-Backend\JobSync-Backend\node_modules\@nestjs\passport\dist\auth.guard.js:60:30)
    at F:\PJT 자료\Jobsync-Backend\JobSync-Backend\node_modules\@nestjs\passport\dist\auth.guard.js:44:124
    at F:\PJT 자료\Jobsync-Backend\JobSync-Backend\node_modules\@nestjs\passport\dist\auth.guard.js:83:24
    at allFailed (F:\PJT 자료\Jobsync-Backend\JobSync-Backend\node_modules\passport\lib\middleware\authenticate.js:110:18)
    at attempt (F:\PJT 자료\Jobsync-Backend\JobSync-Backend\node_modules\passport\lib\middleware\authenticate.js:183:28)
    at strategy.fail (F:\PJT 자료\Jobsync-Backend\JobSync-Backend\node_modules\passport\lib\middleware\authenticate.js:314:9)
    at F:\PJT 자료\Jobsync-Backend\JobSync-Backend\node_modules\passport-jwt\lib\strategy.js:106:33
    at F:\PJT 자료\Jobsync-Backend\JobSync-Backend\node_modules\jsonwebtoken\verify.js:190:16
    at getSecret (F:\PJT 자료\Jobsync-Backend\JobSync-Backend\node_modules\jsonwebtoken\verify.js:97:14)
    at module.exports [as verify] (F:\PJT 자료\Jobsync-Backend\JobSync-Backend\node_modules\jsonwebtoken\verify.js:101:10)
2025-04-11T19:14:39.276Z - Response 401 for GET /favorites
2025-04-11T19:14:39.289Z - POST /auth/refresh, headers: {"host":"localhost:3000","connection":"keep-alive","content-length":"0","sec-ch-ua-platform":"\"Windows\"","user-agent":"Mozilla/5.0 (Windows NT 10.0; Win64; x64) AppleWebKit/537.36 (KHTML, like Gecko) Chrome/135.0.0.0 Safari/537.36","accept":"application/json, text/plain, */*","sec-ch-ua":"\"Google Chrome\";v=\"135\", \"Not-A.Brand\";v=\"8\", \"Chromium\";v=\"135\"","sec-ch-ua-mobile":"?0","origin":"http://localhost:5173","sec-fetch-site":"same-site","sec-fetch-mode":"cors","sec-fetch-dest":"empty","referer":"http://localhost:5173/","accept-encoding":"gzip, deflate, br, zstd","accept-language":"ko-KR,ko;q=0.9,en-US;q=0.8,en;q=0.7","cookie":"accessToken=eyJhbGciOiJIUzI1NiIsInR5cCI6IkpXVCJ9.eyJlbWFpbCI6Inlzb3Rnb29kQGdtYWlsLmNvbSIsInN1YiI6MywiaWF0IjoxNzQ0Mzk2OTUyLCJleHAiOjE3NDQzOTc4NTJ9.Gch7FXmZrOtblJFzgBuReDrD-6w0N7XivsB7iaQ6Ca8; refreshToken=eyJhbGciOiJIUzI1NiIsInR5cCI6IkpXVCJ9.eyJlbWFpbCI6Inlzb3Rnb29kQGdtYWlsLmNvbSIsInN1YiI6MywiaWF0IjoxNzQ0Mzk2OTUyLCJleHAiOjE3NDUwMDE3NTJ9.mhef-rIt7VJFzPVpDMRb5TDUkSVM3FSgBOf9pI1zfb0"}
2025-04-11T19:14:39.291Z - 예외 발생: POST /auth/refresh, 
      오류: Invalid token, 
      스택: UnauthorizedException: Invalid token
    at AuthService.refreshToken (F:\PJT 자료\Jobsync-Backend\JobSync-Backend\src\modules\auth\auth.service.ts:201:13)
    at AuthController.refreshToken (F:\PJT 자료\Jobsync-Backend\JobSync-Backend\src\modules\auth\auth.controller.ts:78:29)
    at F:\PJT 자료\Jobsync-Backend\JobSync-Backend\node_modules\@nestjs\core\router\router-execution-context.js:38:29
    at process.processTicksAndRejections (node:internal/process/task_queues:95:5)
    at async F:\PJT 자료\Jobsync-Backend\JobSync-Backend\node_modules\@nestjs\core\router\router-execution-context.js:46:28
    at async F:\PJT 자료\Jobsync-Backend\JobSync-Backend\node_modules\@nestjs\core\router\router-proxy.js:9:17
2025-04-11T19:14:39.292Z - Response 401 for POST /auth/refresh
2025-04-11T19:14:40.313Z - GET /favorites, headers: {"host":"localhost:3000","connection":"keep-alive","sec-ch-ua-platform":"\"Windows\"","user-agent":"Mozilla/5.0 (Windows NT 10.0; Win64; x64) AppleWebKit/537.36 (KHTML, like Gecko) Chrome/135.0.0.0 Safari/537.36","accept":"application/json, text/plain, */*","sec-ch-ua":"\"Google Chrome\";v=\"135\", \"Not-A.Brand\";v=\"8\", \"Chromium\";v=\"135\"","sec-ch-ua-mobile":"?0","origin":"http://localhost:5173","sec-fetch-site":"same-site","sec-fetch-mode":"cors","sec-fetch-dest":"empty","referer":"http://localhost:5173/","accept-encoding":"gzip, deflate, br, zstd","accept-language":"ko-KR,ko;q=0.9,en-US;q=0.8,en;q=0.7","cookie":"accessToken=eyJhbGciOiJIUzI1NiIsInR5cCI6IkpXVCJ9.eyJlbWFpbCI6Inlzb3Rnb29kQGdtYWlsLmNvbSIsInN1YiI6MywiaWF0IjoxNzQ0Mzk2OTUyLCJleHAiOjE3NDQzOTc4NTJ9.Gch7FXmZrOtblJFzgBuReDrD-6w0N7XivsB7iaQ6Ca8; refreshToken=eyJhbGciOiJIUzI1NiIsInR5cCI6IkpXVCJ9.eyJlbWFpbCI6Inlzb3Rnb29kQGdtYWlsLmNvbSIsInN1YiI6MywiaWF0IjoxNzQ0Mzk2OTUyLCJleHAiOjE3NDUwMDE3NTJ9.mhef-rIt7VJFzPVpDMRb5TDUkSVM3FSgBOf9pI1zfb0","if-none-match":"W/\"439-QuVZYTZjm2UmSoLIE+kxvuA+S+k\""}
2025-04-11T19:14:40.316Z - 예외 발생: GET /favorites, 
      오류: Unauthorized, 
      스택: UnauthorizedException: Unauthorized
    at JwtAuthGuard.handleRequest (F:\PJT 자료\Jobsync-Backend\JobSync-Backend\node_modules\@nestjs\passport\dist\auth.guard.js:60:30)
    at F:\PJT 자료\Jobsync-Backend\JobSync-Backend\node_modules\@nestjs\passport\dist\auth.guard.js:44:124
    at F:\PJT 자료\Jobsync-Backend\JobSync-Backend\node_modules\@nestjs\passport\dist\auth.guard.js:83:24
    at allFailed (F:\PJT 자료\Jobsync-Backend\JobSync-Backend\node_modules\passport\lib\middleware\authenticate.js:110:18)
    at attempt (F:\PJT 자료\Jobsync-Backend\JobSync-Backend\node_modules\passport\lib\middleware\authenticate.js:183:28)
    at strategy.fail (F:\PJT 자료\Jobsync-Backend\JobSync-Backend\node_modules\passport\lib\middleware\authenticate.js:314:9)
    at F:\PJT 자료\Jobsync-Backend\JobSync-Backend\node_modules\passport-jwt\lib\strategy.js:106:33
    at F:\PJT 자료\Jobsync-Backend\JobSync-Backend\node_modules\jsonwebtoken\verify.js:190:16
    at getSecret (F:\PJT 자료\Jobsync-Backend\JobSync-Backend\node_modules\jsonwebtoken\verify.js:97:14)
    at module.exports [as verify] (F:\PJT 자료\Jobsync-Backend\JobSync-Backend\node_modules\jsonwebtoken\verify.js:101:10)
2025-04-11T19:14:40.317Z - Response 401 for GET /favorites
2025-04-11T19:14:42.331Z - GET /favorites, headers: {"host":"localhost:3000","connection":"keep-alive","sec-ch-ua-platform":"\"Windows\"","user-agent":"Mozilla/5.0 (Windows NT 10.0; Win64; x64) AppleWebKit/537.36 (KHTML, like Gecko) Chrome/135.0.0.0 Safari/537.36","accept":"application/json, text/plain, */*","sec-ch-ua":"\"Google Chrome\";v=\"135\", \"Not-A.Brand\";v=\"8\", \"Chromium\";v=\"135\"","sec-ch-ua-mobile":"?0","origin":"http://localhost:5173","sec-fetch-site":"same-site","sec-fetch-mode":"cors","sec-fetch-dest":"empty","referer":"http://localhost:5173/","accept-encoding":"gzip, deflate, br, zstd","accept-language":"ko-KR,ko;q=0.9,en-US;q=0.8,en;q=0.7","cookie":"accessToken=eyJhbGciOiJIUzI1NiIsInR5cCI6IkpXVCJ9.eyJlbWFpbCI6Inlzb3Rnb29kQGdtYWlsLmNvbSIsInN1YiI6MywiaWF0IjoxNzQ0Mzk2OTUyLCJleHAiOjE3NDQzOTc4NTJ9.Gch7FXmZrOtblJFzgBuReDrD-6w0N7XivsB7iaQ6Ca8; refreshToken=eyJhbGciOiJIUzI1NiIsInR5cCI6IkpXVCJ9.eyJlbWFpbCI6Inlzb3Rnb29kQGdtYWlsLmNvbSIsInN1YiI6MywiaWF0IjoxNzQ0Mzk2OTUyLCJleHAiOjE3NDUwMDE3NTJ9.mhef-rIt7VJFzPVpDMRb5TDUkSVM3FSgBOf9pI1zfb0","if-none-match":"W/\"439-QuVZYTZjm2UmSoLIE+kxvuA+S+k\""}
2025-04-11T19:14:42.334Z - 예외 발생: GET /favorites, 
      오류: Unauthorized, 
      스택: UnauthorizedException: Unauthorized
    at JwtAuthGuard.handleRequest (F:\PJT 자료\Jobsync-Backend\JobSync-Backend\node_modules\@nestjs\passport\dist\auth.guard.js:60:30)
    at F:\PJT 자료\Jobsync-Backend\JobSync-Backend\node_modules\@nestjs\passport\dist\auth.guard.js:44:124
    at F:\PJT 자료\Jobsync-Backend\JobSync-Backend\node_modules\@nestjs\passport\dist\auth.guard.js:83:24
    at allFailed (F:\PJT 자료\Jobsync-Backend\JobSync-Backend\node_modules\passport\lib\middleware\authenticate.js:110:18)
    at attempt (F:\PJT 자료\Jobsync-Backend\JobSync-Backend\node_modules\passport\lib\middleware\authenticate.js:183:28)
    at strategy.fail (F:\PJT 자료\Jobsync-Backend\JobSync-Backend\node_modules\passport\lib\middleware\authenticate.js:314:9)
    at F:\PJT 자료\Jobsync-Backend\JobSync-Backend\node_modules\passport-jwt\lib\strategy.js:106:33
    at F:\PJT 자료\Jobsync-Backend\JobSync-Backend\node_modules\jsonwebtoken\verify.js:190:16
    at getSecret (F:\PJT 자료\Jobsync-Backend\JobSync-Backend\node_modules\jsonwebtoken\verify.js:97:14)
    at module.exports [as verify] (F:\PJT 자료\Jobsync-Backend\JobSync-Backend\node_modules\jsonwebtoken\verify.js:101:10)
2025-04-11T19:14:42.336Z - Response 401 for GET /favorites
2025-04-11T19:14:43.408Z - GET /auth/google?state=eyJyZWRpcmVjdFVybCI6Ii9tYWluIiwidGltZXN0YW1wIjoxNzQ0Mzk4ODgzMzYzfQ%3D%3D, headers: {"host":"localhost:3000","connection":"keep-alive","sec-ch-ua":"\"Google Chrome\";v=\"135\", \"Not-A.Brand\";v=\"8\", \"Chromium\";v=\"135\"","sec-ch-ua-mobile":"?0","sec-ch-ua-platform":"\"Windows\"","upgrade-insecure-requests":"1","user-agent":"Mozilla/5.0 (Windows NT 10.0; Win64; x64) AppleWebKit/537.36 (KHTML, like Gecko) Chrome/135.0.0.0 Safari/537.36","accept":"text/html,application/xhtml+xml,application/xml;q=0.9,image/avif,image/webp,image/apng,*/*;q=0.8,application/signed-exchange;v=b3;q=0.7","sec-fetch-site":"same-site","sec-fetch-mode":"navigate","sec-fetch-user":"?1","sec-fetch-dest":"document","referer":"http://localhost:5173/","accept-encoding":"gzip, deflate, br, zstd","accept-language":"ko-KR,ko;q=0.9,en-US;q=0.8,en;q=0.7","cookie":"accessToken=eyJhbGciOiJIUzI1NiIsInR5cCI6IkpXVCJ9.eyJlbWFpbCI6Inlzb3Rnb29kQGdtYWlsLmNvbSIsInN1YiI6MywiaWF0IjoxNzQ0Mzk2OTUyLCJleHAiOjE3NDQzOTc4NTJ9.Gch7FXmZrOtblJFzgBuReDrD-6w0N7XivsB7iaQ6Ca8; refreshToken=eyJhbGciOiJIUzI1NiIsInR5cCI6IkpXVCJ9.eyJlbWFpbCI6Inlzb3Rnb29kQGdtYWlsLmNvbSIsInN1YiI6MywiaWF0IjoxNzQ0Mzk2OTUyLCJleHAiOjE3NDUwMDE3NTJ9.mhef-rIt7VJFzPVpDMRb5TDUkSVM3FSgBOf9pI1zfb0"}
2025-04-11T19:14:43.410Z - Response 302 for GET /auth/google?state=eyJyZWRpcmVjdFVybCI6Ii9tYWluIiwidGltZXN0YW1wIjoxNzQ0Mzk4ODgzMzYzfQ%3D%3D
2025-04-11T19:14:43.825Z - GET /auth/google/callback?code=4%2F0Ab_5qllcGFTPoefZxDYSG_2RmtK9EWZ2kw2D7eWQfQfuR6dRFHUpuOptoctz5Fg1TcdCPg&scope=email+profile+https%3A%2F%2Fwww.googleapis.com%2Fauth%2Fuserinfo.email+https%3A%2F%2Fwww.googleapis.com%2Fauth%2Fuserinfo.profile+openid&authuser=0&prompt=none, headers: {"host":"localhost:3000","connection":"keep-alive","upgrade-insecure-requests":"1","user-agent":"Mozilla/5.0 (Windows NT 10.0; Win64; x64) AppleWebKit/537.36 (KHTML, like Gecko) Chrome/135.0.0.0 Safari/537.36","accept":"text/html,application/xhtml+xml,application/xml;q=0.9,image/avif,image/webp,image/apng,*/*;q=0.8,application/signed-exchange;v=b3;q=0.7","x-browser-channel":"stable","x-browser-year":"2025","x-browser-validation":"GN89Pm3qNoE4Gva8lUvpibT2MUc=","x-browser-copyright":"Copyright 2025 Google LLC. All rights reserved.","sec-ch-ua":"\"Google Chrome\";v=\"135\", \"Not-A.Brand\";v=\"8\", \"Chromium\";v=\"135\"","sec-ch-ua-mobile":"?0","sec-ch-ua-platform":"\"Windows\"","sec-fetch-site":"cross-site","sec-fetch-mode":"navigate","sec-fetch-user":"?1","sec-fetch-dest":"document","referer":"http://localhost:5173/","accept-encoding":"gzip, deflate, br, zstd","accept-language":"ko-KR,ko;q=0.9,en-US;q=0.8,en;q=0.7","cookie":"accessToken=eyJhbGciOiJIUzI1NiIsInR5cCI6IkpXVCJ9.eyJlbWFpbCI6Inlzb3Rnb29kQGdtYWlsLmNvbSIsInN1YiI6MywiaWF0IjoxNzQ0Mzk2OTUyLCJleHAiOjE3NDQzOTc4NTJ9.Gch7FXmZrOtblJFzgBuReDrD-6w0N7XivsB7iaQ6Ca8; refreshToken=eyJhbGciOiJIUzI1NiIsInR5cCI6IkpXVCJ9.eyJlbWFpbCI6Inlzb3Rnb29kQGdtYWlsLmNvbSIsInN1YiI6MywiaWF0IjoxNzQ0Mzk2OTUyLCJleHAiOjE3NDUwMDE3NTJ9.mhef-rIt7VJFzPVpDMRb5TDUkSVM3FSgBOf9pI1zfb0"}
2025-04-11T19:14:44.307Z - Response 302 for GET /auth/google/callback?code=4%2F0Ab_5qllcGFTPoefZxDYSG_2RmtK9EWZ2kw2D7eWQfQfuR6dRFHUpuOptoctz5Fg1TcdCPg&scope=email+profile+https%3A%2F%2Fwww.googleapis.com%2Fauth%2Fuserinfo.email+https%3A%2F%2Fwww.googleapis.com%2Fauth%2Fuserinfo.profile+openid&authuser=0&prompt=none
2025-04-11T19:14:44.740Z - GET /favorites, headers: {"host":"localhost:3000","connection":"keep-alive","sec-ch-ua-platform":"\"Windows\"","user-agent":"Mozilla/5.0 (Windows NT 10.0; Win64; x64) AppleWebKit/537.36 (KHTML, like Gecko) Chrome/135.0.0.0 Safari/537.36","accept":"application/json, text/plain, */*","sec-ch-ua":"\"Google Chrome\";v=\"135\", \"Not-A.Brand\";v=\"8\", \"Chromium\";v=\"135\"","sec-ch-ua-mobile":"?0","origin":"http://localhost:5173","sec-fetch-site":"same-site","sec-fetch-mode":"cors","sec-fetch-dest":"empty","referer":"http://localhost:5173/","accept-encoding":"gzip, deflate, br, zstd","accept-language":"ko-KR,ko;q=0.9,en-US;q=0.8,en;q=0.7","cookie":"accessToken=eyJhbGciOiJIUzI1NiIsInR5cCI6IkpXVCJ9.eyJlbWFpbCI6Inlzb3Rnb29kQGdtYWlsLmNvbSIsInN1YiI6MywiaWF0IjoxNzQ0Mzk4ODg0LCJleHAiOjE3NDQzOTk3ODR9.F4QnalFlbsguQ4RGNKecdTRfGXJrhf-HaA4CPF0wSfU; refreshToken=eyJhbGciOiJIUzI1NiIsInR5cCI6IkpXVCJ9.eyJlbWFpbCI6Inlzb3Rnb29kQGdtYWlsLmNvbSIsInN1YiI6MywiaWF0IjoxNzQ0Mzk4ODg0LCJleHAiOjE3NDUwMDM2ODR9.QCwqeVCOImIaw_4n_GOl9wGC6wLJa72XrfyLoJJ2xNY","if-none-match":"W/\"439-QuVZYTZjm2UmSoLIE+kxvuA+S+k\""}
2025-04-11T19:14:44.745Z - GET /auth/me, headers: {"host":"localhost:3000","connection":"keep-alive","sec-ch-ua-platform":"\"Windows\"","user-agent":"Mozilla/5.0 (Windows NT 10.0; Win64; x64) AppleWebKit/537.36 (KHTML, like Gecko) Chrome/135.0.0.0 Safari/537.36","accept":"application/json, text/plain, */*","sec-ch-ua":"\"Google Chrome\";v=\"135\", \"Not-A.Brand\";v=\"8\", \"Chromium\";v=\"135\"","sec-ch-ua-mobile":"?0","origin":"http://localhost:5173","sec-fetch-site":"same-site","sec-fetch-mode":"cors","sec-fetch-dest":"empty","referer":"http://localhost:5173/","accept-encoding":"gzip, deflate, br, zstd","accept-language":"ko-KR,ko;q=0.9,en-US;q=0.8,en;q=0.7","cookie":"accessToken=eyJhbGciOiJIUzI1NiIsInR5cCI6IkpXVCJ9.eyJlbWFpbCI6Inlzb3Rnb29kQGdtYWlsLmNvbSIsInN1YiI6MywiaWF0IjoxNzQ0Mzk4ODg0LCJleHAiOjE3NDQzOTk3ODR9.F4QnalFlbsguQ4RGNKecdTRfGXJrhf-HaA4CPF0wSfU; refreshToken=eyJhbGciOiJIUzI1NiIsInR5cCI6IkpXVCJ9.eyJlbWFpbCI6Inlzb3Rnb29kQGdtYWlsLmNvbSIsInN1YiI6MywiaWF0IjoxNzQ0Mzk4ODg0LCJleHAiOjE3NDUwMDM2ODR9.QCwqeVCOImIaw_4n_GOl9wGC6wLJa72XrfyLoJJ2xNY","if-none-match":"W/\"f1-gNQGtVteja6WexCoUCkFukNox1E\""}
2025-04-11T19:14:44.768Z - Response 304 for GET /favorites
2025-04-11T19:14:44.833Z - Response 304 for GET /auth/me
2025-04-11T19:14:44.838Z - GET /auth/me, headers: {"host":"localhost:3000","connection":"keep-alive","sec-ch-ua-platform":"\"Windows\"","user-agent":"Mozilla/5.0 (Windows NT 10.0; Win64; x64) AppleWebKit/537.36 (KHTML, like Gecko) Chrome/135.0.0.0 Safari/537.36","accept":"application/json, text/plain, */*","sec-ch-ua":"\"Google Chrome\";v=\"135\", \"Not-A.Brand\";v=\"8\", \"Chromium\";v=\"135\"","sec-ch-ua-mobile":"?0","origin":"http://localhost:5173","sec-fetch-site":"same-site","sec-fetch-mode":"cors","sec-fetch-dest":"empty","referer":"http://localhost:5173/","accept-encoding":"gzip, deflate, br, zstd","accept-language":"ko-KR,ko;q=0.9,en-US;q=0.8,en;q=0.7","cookie":"accessToken=eyJhbGciOiJIUzI1NiIsInR5cCI6IkpXVCJ9.eyJlbWFpbCI6Inlzb3Rnb29kQGdtYWlsLmNvbSIsInN1YiI6MywiaWF0IjoxNzQ0Mzk4ODg0LCJleHAiOjE3NDQzOTk3ODR9.F4QnalFlbsguQ4RGNKecdTRfGXJrhf-HaA4CPF0wSfU; refreshToken=eyJhbGciOiJIUzI1NiIsInR5cCI6IkpXVCJ9.eyJlbWFpbCI6Inlzb3Rnb29kQGdtYWlsLmNvbSIsInN1YiI6MywiaWF0IjoxNzQ0Mzk4ODg0LCJleHAiOjE3NDUwMDM2ODR9.QCwqeVCOImIaw_4n_GOl9wGC6wLJa72XrfyLoJJ2xNY","if-none-match":"W/\"f1-gNQGtVteja6WexCoUCkFukNox1E\""}
2025-04-11T19:14:44.858Z - Response 304 for GET /auth/me
2025-04-11T19:14:44.862Z - GET /auth/me, headers: {"host":"localhost:3000","connection":"keep-alive","sec-ch-ua-platform":"\"Windows\"","user-agent":"Mozilla/5.0 (Windows NT 10.0; Win64; x64) AppleWebKit/537.36 (KHTML, like Gecko) Chrome/135.0.0.0 Safari/537.36","accept":"application/json, text/plain, */*","sec-ch-ua":"\"Google Chrome\";v=\"135\", \"Not-A.Brand\";v=\"8\", \"Chromium\";v=\"135\"","sec-ch-ua-mobile":"?0","origin":"http://localhost:5173","sec-fetch-site":"same-site","sec-fetch-mode":"cors","sec-fetch-dest":"empty","referer":"http://localhost:5173/","accept-encoding":"gzip, deflate, br, zstd","accept-language":"ko-KR,ko;q=0.9,en-US;q=0.8,en;q=0.7","cookie":"accessToken=eyJhbGciOiJIUzI1NiIsInR5cCI6IkpXVCJ9.eyJlbWFpbCI6Inlzb3Rnb29kQGdtYWlsLmNvbSIsInN1YiI6MywiaWF0IjoxNzQ0Mzk4ODg0LCJleHAiOjE3NDQzOTk3ODR9.F4QnalFlbsguQ4RGNKecdTRfGXJrhf-HaA4CPF0wSfU; refreshToken=eyJhbGciOiJIUzI1NiIsInR5cCI6IkpXVCJ9.eyJlbWFpbCI6Inlzb3Rnb29kQGdtYWlsLmNvbSIsInN1YiI6MywiaWF0IjoxNzQ0Mzk4ODg0LCJleHAiOjE3NDUwMDM2ODR9.QCwqeVCOImIaw_4n_GOl9wGC6wLJa72XrfyLoJJ2xNY","if-none-match":"W/\"f1-gNQGtVteja6WexCoUCkFukNox1E\""}
2025-04-11T19:14:44.903Z - Response 304 for GET /auth/me
2025-04-11T19:14:44.911Z - GET /auth/me, headers: {"host":"localhost:3000","connection":"keep-alive","sec-ch-ua-platform":"\"Windows\"","user-agent":"Mozilla/5.0 (Windows NT 10.0; Win64; x64) AppleWebKit/537.36 (KHTML, like Gecko) Chrome/135.0.0.0 Safari/537.36","accept":"application/json, text/plain, */*","sec-ch-ua":"\"Google Chrome\";v=\"135\", \"Not-A.Brand\";v=\"8\", \"Chromium\";v=\"135\"","sec-ch-ua-mobile":"?0","origin":"http://localhost:5173","sec-fetch-site":"same-site","sec-fetch-mode":"cors","sec-fetch-dest":"empty","referer":"http://localhost:5173/","accept-encoding":"gzip, deflate, br, zstd","accept-language":"ko-KR,ko;q=0.9,en-US;q=0.8,en;q=0.7","cookie":"accessToken=eyJhbGciOiJIUzI1NiIsInR5cCI6IkpXVCJ9.eyJlbWFpbCI6Inlzb3Rnb29kQGdtYWlsLmNvbSIsInN1YiI6MywiaWF0IjoxNzQ0Mzk4ODg0LCJleHAiOjE3NDQzOTk3ODR9.F4QnalFlbsguQ4RGNKecdTRfGXJrhf-HaA4CPF0wSfU; refreshToken=eyJhbGciOiJIUzI1NiIsInR5cCI6IkpXVCJ9.eyJlbWFpbCI6Inlzb3Rnb29kQGdtYWlsLmNvbSIsInN1YiI6MywiaWF0IjoxNzQ0Mzk4ODg0LCJleHAiOjE3NDUwMDM2ODR9.QCwqeVCOImIaw_4n_GOl9wGC6wLJa72XrfyLoJJ2xNY","if-none-match":"W/\"f1-gNQGtVteja6WexCoUCkFukNox1E\""}
2025-04-11T19:14:44.931Z - Response 304 for GET /auth/me
2025-04-11T19:14:45.481Z - GET /auth/me, headers: {"host":"localhost:3000","connection":"keep-alive","sec-ch-ua-platform":"\"Windows\"","user-agent":"Mozilla/5.0 (Windows NT 10.0; Win64; x64) AppleWebKit/537.36 (KHTML, like Gecko) Chrome/135.0.0.0 Safari/537.36","accept":"application/json, text/plain, */*","sec-ch-ua":"\"Google Chrome\";v=\"135\", \"Not-A.Brand\";v=\"8\", \"Chromium\";v=\"135\"","sec-ch-ua-mobile":"?0","origin":"http://localhost:5173","sec-fetch-site":"same-site","sec-fetch-mode":"cors","sec-fetch-dest":"empty","referer":"http://localhost:5173/","accept-encoding":"gzip, deflate, br, zstd","accept-language":"ko-KR,ko;q=0.9,en-US;q=0.8,en;q=0.7","cookie":"accessToken=eyJhbGciOiJIUzI1NiIsInR5cCI6IkpXVCJ9.eyJlbWFpbCI6Inlzb3Rnb29kQGdtYWlsLmNvbSIsInN1YiI6MywiaWF0IjoxNzQ0Mzk4ODg0LCJleHAiOjE3NDQzOTk3ODR9.F4QnalFlbsguQ4RGNKecdTRfGXJrhf-HaA4CPF0wSfU; refreshToken=eyJhbGciOiJIUzI1NiIsInR5cCI6IkpXVCJ9.eyJlbWFpbCI6Inlzb3Rnb29kQGdtYWlsLmNvbSIsInN1YiI6MywiaWF0IjoxNzQ0Mzk4ODg0LCJleHAiOjE3NDUwMDM2ODR9.QCwqeVCOImIaw_4n_GOl9wGC6wLJa72XrfyLoJJ2xNY"}
2025-04-11T19:14:45.486Z - GET /favorites, headers: {"host":"localhost:3000","connection":"keep-alive","sec-ch-ua-platform":"\"Windows\"","user-agent":"Mozilla/5.0 (Windows NT 10.0; Win64; x64) AppleWebKit/537.36 (KHTML, like Gecko) Chrome/135.0.0.0 Safari/537.36","accept":"application/json, text/plain, */*","sec-ch-ua":"\"Google Chrome\";v=\"135\", \"Not-A.Brand\";v=\"8\", \"Chromium\";v=\"135\"","sec-ch-ua-mobile":"?0","origin":"http://localhost:5173","sec-fetch-site":"same-site","sec-fetch-mode":"cors","sec-fetch-dest":"empty","referer":"http://localhost:5173/","accept-encoding":"gzip, deflate, br, zstd","accept-language":"ko-KR,ko;q=0.9,en-US;q=0.8,en;q=0.7","cookie":"accessToken=eyJhbGciOiJIUzI1NiIsInR5cCI6IkpXVCJ9.eyJlbWFpbCI6Inlzb3Rnb29kQGdtYWlsLmNvbSIsInN1YiI6MywiaWF0IjoxNzQ0Mzk4ODg0LCJleHAiOjE3NDQzOTk3ODR9.F4QnalFlbsguQ4RGNKecdTRfGXJrhf-HaA4CPF0wSfU; refreshToken=eyJhbGciOiJIUzI1NiIsInR5cCI6IkpXVCJ9.eyJlbWFpbCI6Inlzb3Rnb29kQGdtYWlsLmNvbSIsInN1YiI6MywiaWF0IjoxNzQ0Mzk4ODg0LCJleHAiOjE3NDUwMDM2ODR9.QCwqeVCOImIaw_4n_GOl9wGC6wLJa72XrfyLoJJ2xNY","if-none-match":"W/\"439-QuVZYTZjm2UmSoLIE+kxvuA+S+k\""}
2025-04-11T19:14:45.492Z - GET /jobs?limit=10, headers: {"host":"localhost:3000","connection":"keep-alive","sec-ch-ua-platform":"\"Windows\"","user-agent":"Mozilla/5.0 (Windows NT 10.0; Win64; x64) AppleWebKit/537.36 (KHTML, like Gecko) Chrome/135.0.0.0 Safari/537.36","accept":"application/json, text/plain, */*","sec-ch-ua":"\"Google Chrome\";v=\"135\", \"Not-A.Brand\";v=\"8\", \"Chromium\";v=\"135\"","sec-ch-ua-mobile":"?0","origin":"http://localhost:5173","sec-fetch-site":"same-site","sec-fetch-mode":"cors","sec-fetch-dest":"empty","referer":"http://localhost:5173/","accept-encoding":"gzip, deflate, br, zstd","accept-language":"ko-KR,ko;q=0.9,en-US;q=0.8,en;q=0.7","cookie":"accessToken=eyJhbGciOiJIUzI1NiIsInR5cCI6IkpXVCJ9.eyJlbWFpbCI6Inlzb3Rnb29kQGdtYWlsLmNvbSIsInN1YiI6MywiaWF0IjoxNzQ0Mzk4ODg0LCJleHAiOjE3NDQzOTk3ODR9.F4QnalFlbsguQ4RGNKecdTRfGXJrhf-HaA4CPF0wSfU; refreshToken=eyJhbGciOiJIUzI1NiIsInR5cCI6IkpXVCJ9.eyJlbWFpbCI6Inlzb3Rnb29kQGdtYWlsLmNvbSIsInN1YiI6MywiaWF0IjoxNzQ0Mzk4ODg0LCJleHAiOjE3NDUwMDM2ODR9.QCwqeVCOImIaw_4n_GOl9wGC6wLJa72XrfyLoJJ2xNY","if-none-match":"W/\"125c-6W49U4qH4qtR4SQ4zZqWvMT9f8A\""}
2025-04-11T19:14:45.507Z - Response 200 for GET /auth/me
2025-04-11T19:14:45.512Z - Response 304 for GET /favorites
2025-04-11T19:14:45.554Z - GET /auth/me, headers: {"host":"localhost:3000","connection":"keep-alive","sec-ch-ua-platform":"\"Windows\"","user-agent":"Mozilla/5.0 (Windows NT 10.0; Win64; x64) AppleWebKit/537.36 (KHTML, like Gecko) Chrome/135.0.0.0 Safari/537.36","accept":"application/json, text/plain, */*","sec-ch-ua":"\"Google Chrome\";v=\"135\", \"Not-A.Brand\";v=\"8\", \"Chromium\";v=\"135\"","sec-ch-ua-mobile":"?0","origin":"http://localhost:5173","sec-fetch-site":"same-site","sec-fetch-mode":"cors","sec-fetch-dest":"empty","referer":"http://localhost:5173/","accept-encoding":"gzip, deflate, br, zstd","accept-language":"ko-KR,ko;q=0.9,en-US;q=0.8,en;q=0.7","cookie":"accessToken=eyJhbGciOiJIUzI1NiIsInR5cCI6IkpXVCJ9.eyJlbWFpbCI6Inlzb3Rnb29kQGdtYWlsLmNvbSIsInN1YiI6MywiaWF0IjoxNzQ0Mzk4ODg0LCJleHAiOjE3NDQzOTk3ODR9.F4QnalFlbsguQ4RGNKecdTRfGXJrhf-HaA4CPF0wSfU; refreshToken=eyJhbGciOiJIUzI1NiIsInR5cCI6IkpXVCJ9.eyJlbWFpbCI6Inlzb3Rnb29kQGdtYWlsLmNvbSIsInN1YiI6MywiaWF0IjoxNzQ0Mzk4ODg0LCJleHAiOjE3NDUwMDM2ODR9.QCwqeVCOImIaw_4n_GOl9wGC6wLJa72XrfyLoJJ2xNY","if-none-match":"W/\"f1-gNQGtVteja6WexCoUCkFukNox1E\""}
2025-04-11T19:14:45.570Z - Response 304 for GET /jobs?limit=10
2025-04-11T19:14:45.573Z - Response 304 for GET /auth/me
2025-04-11T19:14:45.952Z - GET /mockServiceWorker.js, headers: {"host":"localhost:3000","connection":"keep-alive","cache-control":"max-age=0","accept":"*/*","service-worker":"script","sec-fetch-site":"same-origin","sec-fetch-mode":"same-origin","sec-fetch-dest":"serviceworker","referer":"http://localhost:3000/mockServiceWorker.js","user-agent":"Mozilla/5.0 (Windows NT 10.0; Win64; x64) AppleWebKit/537.36 (KHTML, like Gecko) Chrome/135.0.0.0 Safari/537.36","accept-encoding":"gzip, deflate, br, zstd","accept-language":"ko-KR,ko;q=0.9,en-US;q=0.8,en;q=0.7","cookie":"accessToken=eyJhbGciOiJIUzI1NiIsInR5cCI6IkpXVCJ9.eyJlbWFpbCI6Inlzb3Rnb29kQGdtYWlsLmNvbSIsInN1YiI6MywiaWF0IjoxNzQ0Mzk4ODg0LCJleHAiOjE3NDQzOTk3ODR9.F4QnalFlbsguQ4RGNKecdTRfGXJrhf-HaA4CPF0wSfU; refreshToken=eyJhbGciOiJIUzI1NiIsInR5cCI6IkpXVCJ9.eyJlbWFpbCI6Inlzb3Rnb29kQGdtYWlsLmNvbSIsInN1YiI6MywiaWF0IjoxNzQ0Mzk4ODg0LCJleHAiOjE3NDUwMDM2ODR9.QCwqeVCOImIaw_4n_GOl9wGC6wLJa72XrfyLoJJ2xNY"}
2025-04-11T19:14:45.955Z - 예외 발생: GET /mockServiceWorker.js, 
      오류: Cannot GET /mockServiceWorker.js, 
      스택: NotFoundException: Cannot GET /mockServiceWorker.js
    at callback (F:\PJT 자료\Jobsync-Backend\JobSync-Backend\node_modules\@nestjs\core\router\routes-resolver.js:77:19)
    at F:\PJT 자료\Jobsync-Backend\JobSync-Backend\node_modules\@nestjs\core\router\router-proxy.js:9:23
    at Layer.handleRequest (F:\PJT 자료\Jobsync-Backend\JobSync-Backend\node_modules\router\lib\layer.js:152:17)
    at trimPrefix (F:\PJT 자료\Jobsync-Backend\JobSync-Backend\node_modules\router\index.js:342:13)
    at F:\PJT 자료\Jobsync-Backend\JobSync-Backend\node_modules\router\index.js:297:9
    at processParams (F:\PJT 자료\Jobsync-Backend\JobSync-Backend\node_modules\router\index.js:582:12)
    at next (F:\PJT 자료\Jobsync-Backend\JobSync-Backend\node_modules\router\index.js:291:5)
    at urlencodedParser (F:\PJT 자료\Jobsync-Backend\JobSync-Backend\node_modules\body-parser\lib\types\urlencoded.js:68:7)
    at Layer.handleRequest (F:\PJT 자료\Jobsync-Backend\JobSync-Backend\node_modules\router\lib\layer.js:152:17)
    at trimPrefix (F:\PJT 자료\Jobsync-Backend\JobSync-Backend\node_modules\router\index.js:342:13)
2025-04-11T19:14:45.956Z - Response 404 for GET /mockServiceWorker.js
2025-04-11T19:14:51.758Z - GET /jobs/categories?limit=20&categories=frontend, headers: {"host":"localhost:3000","connection":"keep-alive","sec-ch-ua-platform":"\"Windows\"","user-agent":"Mozilla/5.0 (Windows NT 10.0; Win64; x64) AppleWebKit/537.36 (KHTML, like Gecko) Chrome/135.0.0.0 Safari/537.36","accept":"application/json, text/plain, */*","sec-ch-ua":"\"Google Chrome\";v=\"135\", \"Not-A.Brand\";v=\"8\", \"Chromium\";v=\"135\"","sec-ch-ua-mobile":"?0","origin":"http://localhost:5173","sec-fetch-site":"same-site","sec-fetch-mode":"cors","sec-fetch-dest":"empty","referer":"http://localhost:5173/","accept-encoding":"gzip, deflate, br, zstd","accept-language":"ko-KR,ko;q=0.9,en-US;q=0.8,en;q=0.7","cookie":"accessToken=eyJhbGciOiJIUzI1NiIsInR5cCI6IkpXVCJ9.eyJlbWFpbCI6Inlzb3Rnb29kQGdtYWlsLmNvbSIsInN1YiI6MywiaWF0IjoxNzQ0Mzk4ODg0LCJleHAiOjE3NDQzOTk3ODR9.F4QnalFlbsguQ4RGNKecdTRfGXJrhf-HaA4CPF0wSfU; refreshToken=eyJhbGciOiJIUzI1NiIsInR5cCI6IkpXVCJ9.eyJlbWFpbCI6Inlzb3Rnb29kQGdtYWlsLmNvbSIsInN1YiI6MywiaWF0IjoxNzQ0Mzk4ODg0LCJleHAiOjE3NDUwMDM2ODR9.QCwqeVCOImIaw_4n_GOl9wGC6wLJa72XrfyLoJJ2xNY"}
2025-04-11T19:14:51.762Z - 예외 발생: GET /jobs/categories?limit=20&categories=frontend, 
      오류: Validation failed (numeric string is expected), 
      스택: BadRequestException: Validation failed (numeric string is expected)
    at ParseIntPipe.exceptionFactory (F:\PJT 자료\Jobsync-Backend\JobSync-Backend\node_modules\@nestjs\common\pipes\parse-int.pipe.js:24:27)
    at ParseIntPipe.transform (F:\PJT 자료\Jobsync-Backend\JobSync-Backend\node_modules\@nestjs\common\pipes\parse-int.pipe.js:38:24)
    at F:\PJT 자료\Jobsync-Backend\JobSync-Backend\node_modules\@nestjs\core\pipes\pipes-consumer.js:16:33
    at process.processTicksAndRejections (node:internal/process/task_queues:95:5)
    at async resolveParamValue (F:\PJT 자료\Jobsync-Backend\JobSync-Backend\node_modules\@nestjs\core\router\router-execution-context.js:148:23)
    at async Promise.all (index 0)
    at async pipesFn (F:\PJT 자료\Jobsync-Backend\JobSync-Backend\node_modules\@nestjs\core\router\router-execution-context.js:151:13)
    at async F:\PJT 자료\Jobsync-Backend\JobSync-Backend\node_modules\@nestjs\core\router\router-execution-context.js:37:30
    at async F:\PJT 자료\Jobsync-Backend\JobSync-Backend\node_modules\@nestjs\core\router\router-execution-context.js:46:28
    at async F:\PJT 자료\Jobsync-Backend\JobSync-Backend\node_modules\@nestjs\core\router\router-proxy.js:9:17
2025-04-11T19:14:51.763Z - Response 400 for GET /jobs/categories?limit=20&categories=frontend
2025-04-11T19:14:52.774Z - GET /jobs/categories?limit=20&categories=frontend, headers: {"host":"localhost:3000","connection":"keep-alive","sec-ch-ua-platform":"\"Windows\"","user-agent":"Mozilla/5.0 (Windows NT 10.0; Win64; x64) AppleWebKit/537.36 (KHTML, like Gecko) Chrome/135.0.0.0 Safari/537.36","accept":"application/json, text/plain, */*","sec-ch-ua":"\"Google Chrome\";v=\"135\", \"Not-A.Brand\";v=\"8\", \"Chromium\";v=\"135\"","sec-ch-ua-mobile":"?0","origin":"http://localhost:5173","sec-fetch-site":"same-site","sec-fetch-mode":"cors","sec-fetch-dest":"empty","referer":"http://localhost:5173/","accept-encoding":"gzip, deflate, br, zstd","accept-language":"ko-KR,ko;q=0.9,en-US;q=0.8,en;q=0.7","cookie":"accessToken=eyJhbGciOiJIUzI1NiIsInR5cCI6IkpXVCJ9.eyJlbWFpbCI6Inlzb3Rnb29kQGdtYWlsLmNvbSIsInN1YiI6MywiaWF0IjoxNzQ0Mzk4ODg0LCJleHAiOjE3NDQzOTk3ODR9.F4QnalFlbsguQ4RGNKecdTRfGXJrhf-HaA4CPF0wSfU; refreshToken=eyJhbGciOiJIUzI1NiIsInR5cCI6IkpXVCJ9.eyJlbWFpbCI6Inlzb3Rnb29kQGdtYWlsLmNvbSIsInN1YiI6MywiaWF0IjoxNzQ0Mzk4ODg0LCJleHAiOjE3NDUwMDM2ODR9.QCwqeVCOImIaw_4n_GOl9wGC6wLJa72XrfyLoJJ2xNY"}
2025-04-11T19:14:52.776Z - 예외 발생: GET /jobs/categories?limit=20&categories=frontend, 
      오류: Validation failed (numeric string is expected), 
      스택: BadRequestException: Validation failed (numeric string is expected)
    at ParseIntPipe.exceptionFactory (F:\PJT 자료\Jobsync-Backend\JobSync-Backend\node_modules\@nestjs\common\pipes\parse-int.pipe.js:24:27)
    at ParseIntPipe.transform (F:\PJT 자료\Jobsync-Backend\JobSync-Backend\node_modules\@nestjs\common\pipes\parse-int.pipe.js:38:24)
    at F:\PJT 자료\Jobsync-Backend\JobSync-Backend\node_modules\@nestjs\core\pipes\pipes-consumer.js:16:33
    at process.processTicksAndRejections (node:internal/process/task_queues:95:5)
    at async resolveParamValue (F:\PJT 자료\Jobsync-Backend\JobSync-Backend\node_modules\@nestjs\core\router\router-execution-context.js:148:23)
    at async Promise.all (index 0)
    at async pipesFn (F:\PJT 자료\Jobsync-Backend\JobSync-Backend\node_modules\@nestjs\core\router\router-execution-context.js:151:13)
    at async F:\PJT 자료\Jobsync-Backend\JobSync-Backend\node_modules\@nestjs\core\router\router-execution-context.js:37:30
    at async F:\PJT 자료\Jobsync-Backend\JobSync-Backend\node_modules\@nestjs\core\router\router-execution-context.js:46:28
    at async F:\PJT 자료\Jobsync-Backend\JobSync-Backend\node_modules\@nestjs\core\router\router-proxy.js:9:17
2025-04-11T19:14:52.776Z - Response 400 for GET /jobs/categories?limit=20&categories=frontend
2025-04-11T19:15:14.842Z - GET /mockServiceWorker.js, headers: {"host":"localhost:3000","connection":"keep-alive","cache-control":"max-age=0","accept":"*/*","service-worker":"script","sec-fetch-site":"same-origin","sec-fetch-mode":"same-origin","sec-fetch-dest":"serviceworker","referer":"http://localhost:3000/mockServiceWorker.js","user-agent":"Mozilla/5.0 (Windows NT 10.0; Win64; x64) AppleWebKit/537.36 (KHTML, like Gecko) Chrome/135.0.0.0 Safari/537.36","accept-encoding":"gzip, deflate, br, zstd","accept-language":"ko-KR,ko;q=0.9,en-US;q=0.8,en;q=0.7","cookie":"accessToken=eyJhbGciOiJIUzI1NiIsInR5cCI6IkpXVCJ9.eyJlbWFpbCI6Inlzb3Rnb29kQGdtYWlsLmNvbSIsInN1YiI6MywiaWF0IjoxNzQ0Mzk4ODg0LCJleHAiOjE3NDQzOTk3ODR9.F4QnalFlbsguQ4RGNKecdTRfGXJrhf-HaA4CPF0wSfU; refreshToken=eyJhbGciOiJIUzI1NiIsInR5cCI6IkpXVCJ9.eyJlbWFpbCI6Inlzb3Rnb29kQGdtYWlsLmNvbSIsInN1YiI6MywiaWF0IjoxNzQ0Mzk4ODg0LCJleHAiOjE3NDUwMDM2ODR9.QCwqeVCOImIaw_4n_GOl9wGC6wLJa72XrfyLoJJ2xNY"}
2025-04-11T19:15:14.847Z - 예외 발생: GET /mockServiceWorker.js, 
      오류: Cannot GET /mockServiceWorker.js, 
      스택: NotFoundException: Cannot GET /mockServiceWorker.js
    at callback (F:\PJT 자료\Jobsync-Backend\JobSync-Backend\node_modules\@nestjs\core\router\routes-resolver.js:77:19)
    at F:\PJT 자료\Jobsync-Backend\JobSync-Backend\node_modules\@nestjs\core\router\router-proxy.js:9:23
    at Layer.handleRequest (F:\PJT 자료\Jobsync-Backend\JobSync-Backend\node_modules\router\lib\layer.js:152:17)
    at trimPrefix (F:\PJT 자료\Jobsync-Backend\JobSync-Backend\node_modules\router\index.js:342:13)
    at F:\PJT 자료\Jobsync-Backend\JobSync-Backend\node_modules\router\index.js:297:9
    at processParams (F:\PJT 자료\Jobsync-Backend\JobSync-Backend\node_modules\router\index.js:582:12)
    at next (F:\PJT 자료\Jobsync-Backend\JobSync-Backend\node_modules\router\index.js:291:5)
    at urlencodedParser (F:\PJT 자료\Jobsync-Backend\JobSync-Backend\node_modules\body-parser\lib\types\urlencoded.js:68:7)
    at Layer.handleRequest (F:\PJT 자료\Jobsync-Backend\JobSync-Backend\node_modules\router\lib\layer.js:152:17)
    at trimPrefix (F:\PJT 자료\Jobsync-Backend\JobSync-Backend\node_modules\router\index.js:342:13)
2025-04-11T19:15:14.848Z - Response 404 for GET /mockServiceWorker.js
2025-04-11T19:15:25.776Z - GET /favorites, headers: {"host":"localhost:3000","connection":"keep-alive","sec-ch-ua-platform":"\"Windows\"","user-agent":"Mozilla/5.0 (Windows NT 10.0; Win64; x64) AppleWebKit/537.36 (KHTML, like Gecko) Chrome/135.0.0.0 Safari/537.36","accept":"application/json, text/plain, */*","sec-ch-ua":"\"Google Chrome\";v=\"135\", \"Not-A.Brand\";v=\"8\", \"Chromium\";v=\"135\"","sec-ch-ua-mobile":"?0","origin":"http://localhost:5173","sec-fetch-site":"same-site","sec-fetch-mode":"cors","sec-fetch-dest":"empty","referer":"http://localhost:5173/","accept-encoding":"gzip, deflate, br, zstd","accept-language":"ko-KR,ko;q=0.9,en-US;q=0.8,en;q=0.7","cookie":"accessToken=eyJhbGciOiJIUzI1NiIsInR5cCI6IkpXVCJ9.eyJlbWFpbCI6Inlzb3Rnb29kQGdtYWlsLmNvbSIsInN1YiI6MywiaWF0IjoxNzQ0Mzk4ODg0LCJleHAiOjE3NDQzOTk3ODR9.F4QnalFlbsguQ4RGNKecdTRfGXJrhf-HaA4CPF0wSfU; refreshToken=eyJhbGciOiJIUzI1NiIsInR5cCI6IkpXVCJ9.eyJlbWFpbCI6Inlzb3Rnb29kQGdtYWlsLmNvbSIsInN1YiI6MywiaWF0IjoxNzQ0Mzk4ODg0LCJleHAiOjE3NDUwMDM2ODR9.QCwqeVCOImIaw_4n_GOl9wGC6wLJa72XrfyLoJJ2xNY","if-none-match":"W/\"439-QuVZYTZjm2UmSoLIE+kxvuA+S+k\""}
2025-04-11T19:15:25.780Z - GET /jobs?limit=10, headers: {"host":"localhost:3000","connection":"keep-alive","sec-ch-ua-platform":"\"Windows\"","user-agent":"Mozilla/5.0 (Windows NT 10.0; Win64; x64) AppleWebKit/537.36 (KHTML, like Gecko) Chrome/135.0.0.0 Safari/537.36","accept":"application/json, text/plain, */*","sec-ch-ua":"\"Google Chrome\";v=\"135\", \"Not-A.Brand\";v=\"8\", \"Chromium\";v=\"135\"","sec-ch-ua-mobile":"?0","origin":"http://localhost:5173","sec-fetch-site":"same-site","sec-fetch-mode":"cors","sec-fetch-dest":"empty","referer":"http://localhost:5173/","accept-encoding":"gzip, deflate, br, zstd","accept-language":"ko-KR,ko;q=0.9,en-US;q=0.8,en;q=0.7","cookie":"accessToken=eyJhbGciOiJIUzI1NiIsInR5cCI6IkpXVCJ9.eyJlbWFpbCI6Inlzb3Rnb29kQGdtYWlsLmNvbSIsInN1YiI6MywiaWF0IjoxNzQ0Mzk4ODg0LCJleHAiOjE3NDQzOTk3ODR9.F4QnalFlbsguQ4RGNKecdTRfGXJrhf-HaA4CPF0wSfU; refreshToken=eyJhbGciOiJIUzI1NiIsInR5cCI6IkpXVCJ9.eyJlbWFpbCI6Inlzb3Rnb29kQGdtYWlsLmNvbSIsInN1YiI6MywiaWF0IjoxNzQ0Mzk4ODg0LCJleHAiOjE3NDUwMDM2ODR9.QCwqeVCOImIaw_4n_GOl9wGC6wLJa72XrfyLoJJ2xNY","if-none-match":"W/\"125c-6W49U4qH4qtR4SQ4zZqWvMT9f8A\""}
2025-04-11T19:15:25.782Z - GET /auth/me, headers: {"host":"localhost:3000","connection":"keep-alive","sec-ch-ua-platform":"\"Windows\"","user-agent":"Mozilla/5.0 (Windows NT 10.0; Win64; x64) AppleWebKit/537.36 (KHTML, like Gecko) Chrome/135.0.0.0 Safari/537.36","accept":"application/json, text/plain, */*","sec-ch-ua":"\"Google Chrome\";v=\"135\", \"Not-A.Brand\";v=\"8\", \"Chromium\";v=\"135\"","sec-ch-ua-mobile":"?0","origin":"http://localhost:5173","sec-fetch-site":"same-site","sec-fetch-mode":"cors","sec-fetch-dest":"empty","referer":"http://localhost:5173/","accept-encoding":"gzip, deflate, br, zstd","accept-language":"ko-KR,ko;q=0.9,en-US;q=0.8,en;q=0.7","cookie":"accessToken=eyJhbGciOiJIUzI1NiIsInR5cCI6IkpXVCJ9.eyJlbWFpbCI6Inlzb3Rnb29kQGdtYWlsLmNvbSIsInN1YiI6MywiaWF0IjoxNzQ0Mzk4ODg0LCJleHAiOjE3NDQzOTk3ODR9.F4QnalFlbsguQ4RGNKecdTRfGXJrhf-HaA4CPF0wSfU; refreshToken=eyJhbGciOiJIUzI1NiIsInR5cCI6IkpXVCJ9.eyJlbWFpbCI6Inlzb3Rnb29kQGdtYWlsLmNvbSIsInN1YiI6MywiaWF0IjoxNzQ0Mzk4ODg0LCJleHAiOjE3NDUwMDM2ODR9.QCwqeVCOImIaw_4n_GOl9wGC6wLJa72XrfyLoJJ2xNY","if-none-match":"W/\"f1-gNQGtVteja6WexCoUCkFukNox1E\""}
2025-04-11T19:15:25.859Z - Response 304 for GET /auth/me
2025-04-11T19:15:25.862Z - GET /auth/me, headers: {"host":"localhost:3000","connection":"keep-alive","sec-ch-ua-platform":"\"Windows\"","user-agent":"Mozilla/5.0 (Windows NT 10.0; Win64; x64) AppleWebKit/537.36 (KHTML, like Gecko) Chrome/135.0.0.0 Safari/537.36","accept":"application/json, text/plain, */*","sec-ch-ua":"\"Google Chrome\";v=\"135\", \"Not-A.Brand\";v=\"8\", \"Chromium\";v=\"135\"","sec-ch-ua-mobile":"?0","origin":"http://localhost:5173","sec-fetch-site":"same-site","sec-fetch-mode":"cors","sec-fetch-dest":"empty","referer":"http://localhost:5173/","accept-encoding":"gzip, deflate, br, zstd","accept-language":"ko-KR,ko;q=0.9,en-US;q=0.8,en;q=0.7","cookie":"accessToken=eyJhbGciOiJIUzI1NiIsInR5cCI6IkpXVCJ9.eyJlbWFpbCI6Inlzb3Rnb29kQGdtYWlsLmNvbSIsInN1YiI6MywiaWF0IjoxNzQ0Mzk4ODg0LCJleHAiOjE3NDQzOTk3ODR9.F4QnalFlbsguQ4RGNKecdTRfGXJrhf-HaA4CPF0wSfU; refreshToken=eyJhbGciOiJIUzI1NiIsInR5cCI6IkpXVCJ9.eyJlbWFpbCI6Inlzb3Rnb29kQGdtYWlsLmNvbSIsInN1YiI6MywiaWF0IjoxNzQ0Mzk4ODg0LCJleHAiOjE3NDUwMDM2ODR9.QCwqeVCOImIaw_4n_GOl9wGC6wLJa72XrfyLoJJ2xNY","if-none-match":"W/\"f1-gNQGtVteja6WexCoUCkFukNox1E\""}
2025-04-11T19:15:25.869Z - Response 304 for GET /favorites
2025-04-11T19:15:25.879Z - Response 304 for GET /auth/me
2025-04-11T19:15:25.883Z - Response 304 for GET /jobs?limit=10
2025-04-11T19:16:10.095Z - GET /search/categories?limit=20&categories=frontend, headers: {"host":"localhost:3000","connection":"keep-alive","sec-ch-ua-platform":"\"Windows\"","user-agent":"Mozilla/5.0 (Windows NT 10.0; Win64; x64) AppleWebKit/537.36 (KHTML, like Gecko) Chrome/135.0.0.0 Safari/537.36","accept":"application/json, text/plain, */*","sec-ch-ua":"\"Google Chrome\";v=\"135\", \"Not-A.Brand\";v=\"8\", \"Chromium\";v=\"135\"","sec-ch-ua-mobile":"?0","origin":"http://localhost:5173","sec-fetch-site":"same-site","sec-fetch-mode":"cors","sec-fetch-dest":"empty","referer":"http://localhost:5173/","accept-encoding":"gzip, deflate, br, zstd","accept-language":"ko-KR,ko;q=0.9,en-US;q=0.8,en;q=0.7","cookie":"accessToken=eyJhbGciOiJIUzI1NiIsInR5cCI6IkpXVCJ9.eyJlbWFpbCI6Inlzb3Rnb29kQGdtYWlsLmNvbSIsInN1YiI6MywiaWF0IjoxNzQ0Mzk4ODg0LCJleHAiOjE3NDQzOTk3ODR9.F4QnalFlbsguQ4RGNKecdTRfGXJrhf-HaA4CPF0wSfU; refreshToken=eyJhbGciOiJIUzI1NiIsInR5cCI6IkpXVCJ9.eyJlbWFpbCI6Inlzb3Rnb29kQGdtYWlsLmNvbSIsInN1YiI6MywiaWF0IjoxNzQ0Mzk4ODg0LCJleHAiOjE3NDUwMDM2ODR9.QCwqeVCOImIaw_4n_GOl9wGC6wLJa72XrfyLoJJ2xNY"}
2025-04-11T19:16:10.206Z - Response 200 for GET /search/categories?limit=20&categories=frontend
2025-04-11T19:16:11.215Z - GET /search/categories?limit=20&categories=frontend, headers: {"host":"localhost:3000","connection":"keep-alive","sec-ch-ua-platform":"\"Windows\"","user-agent":"Mozilla/5.0 (Windows NT 10.0; Win64; x64) AppleWebKit/537.36 (KHTML, like Gecko) Chrome/135.0.0.0 Safari/537.36","accept":"application/json, text/plain, */*","sec-ch-ua":"\"Google Chrome\";v=\"135\", \"Not-A.Brand\";v=\"8\", \"Chromium\";v=\"135\"","sec-ch-ua-mobile":"?0","origin":"http://localhost:5173","sec-fetch-site":"same-site","sec-fetch-mode":"cors","sec-fetch-dest":"empty","referer":"http://localhost:5173/","accept-encoding":"gzip, deflate, br, zstd","accept-language":"ko-KR,ko;q=0.9,en-US;q=0.8,en;q=0.7","cookie":"accessToken=eyJhbGciOiJIUzI1NiIsInR5cCI6IkpXVCJ9.eyJlbWFpbCI6Inlzb3Rnb29kQGdtYWlsLmNvbSIsInN1YiI6MywiaWF0IjoxNzQ0Mzk4ODg0LCJleHAiOjE3NDQzOTk3ODR9.F4QnalFlbsguQ4RGNKecdTRfGXJrhf-HaA4CPF0wSfU; refreshToken=eyJhbGciOiJIUzI1NiIsInR5cCI6IkpXVCJ9.eyJlbWFpbCI6Inlzb3Rnb29kQGdtYWlsLmNvbSIsInN1YiI6MywiaWF0IjoxNzQ0Mzk4ODg0LCJleHAiOjE3NDUwMDM2ODR9.QCwqeVCOImIaw_4n_GOl9wGC6wLJa72XrfyLoJJ2xNY","if-none-match":"W/\"57-yf5Kups76LgB1SR2WzZhznyWcgs\""}
2025-04-11T19:16:11.236Z - Response 304 for GET /search/categories?limit=20&categories=frontend
2025-04-11T19:22:01.044Z - GET /favorites, headers: {"host":"localhost:3000","connection":"keep-alive","sec-ch-ua-platform":"\"Windows\"","user-agent":"Mozilla/5.0 (Windows NT 10.0; Win64; x64) AppleWebKit/537.36 (KHTML, like Gecko) Chrome/135.0.0.0 Safari/537.36","accept":"application/json, text/plain, */*","sec-ch-ua":"\"Google Chrome\";v=\"135\", \"Not-A.Brand\";v=\"8\", \"Chromium\";v=\"135\"","sec-ch-ua-mobile":"?0","origin":"http://localhost:5173","sec-fetch-site":"same-site","sec-fetch-mode":"cors","sec-fetch-dest":"empty","referer":"http://localhost:5173/","accept-encoding":"gzip, deflate, br, zstd","accept-language":"ko-KR,ko;q=0.9,en-US;q=0.8,en;q=0.7","cookie":"accessToken=eyJhbGciOiJIUzI1NiIsInR5cCI6IkpXVCJ9.eyJlbWFpbCI6Inlzb3Rnb29kQGdtYWlsLmNvbSIsInN1YiI6MywiaWF0IjoxNzQ0Mzk4ODg0LCJleHAiOjE3NDQzOTk3ODR9.F4QnalFlbsguQ4RGNKecdTRfGXJrhf-HaA4CPF0wSfU; refreshToken=eyJhbGciOiJIUzI1NiIsInR5cCI6IkpXVCJ9.eyJlbWFpbCI6Inlzb3Rnb29kQGdtYWlsLmNvbSIsInN1YiI6MywiaWF0IjoxNzQ0Mzk4ODg0LCJleHAiOjE3NDUwMDM2ODR9.QCwqeVCOImIaw_4n_GOl9wGC6wLJa72XrfyLoJJ2xNY","if-none-match":"W/\"439-QuVZYTZjm2UmSoLIE+kxvuA+S+k\""}
2025-04-11T19:22:01.126Z - Response 304 for GET /favorites
2025-04-11T19:22:08.858Z - GET /jobs?limit=10, headers: {"host":"localhost:3000","connection":"keep-alive","sec-ch-ua-platform":"\"Windows\"","user-agent":"Mozilla/5.0 (Windows NT 10.0; Win64; x64) AppleWebKit/537.36 (KHTML, like Gecko) Chrome/135.0.0.0 Safari/537.36","accept":"application/json, text/plain, */*","sec-ch-ua":"\"Google Chrome\";v=\"135\", \"Not-A.Brand\";v=\"8\", \"Chromium\";v=\"135\"","sec-ch-ua-mobile":"?0","origin":"http://localhost:5173","sec-fetch-site":"same-site","sec-fetch-mode":"cors","sec-fetch-dest":"empty","referer":"http://localhost:5173/","accept-encoding":"gzip, deflate, br, zstd","accept-language":"ko-KR,ko;q=0.9,en-US;q=0.8,en;q=0.7","cookie":"accessToken=eyJhbGciOiJIUzI1NiIsInR5cCI6IkpXVCJ9.eyJlbWFpbCI6Inlzb3Rnb29kQGdtYWlsLmNvbSIsInN1YiI6MywiaWF0IjoxNzQ0Mzk4ODg0LCJleHAiOjE3NDQzOTk3ODR9.F4QnalFlbsguQ4RGNKecdTRfGXJrhf-HaA4CPF0wSfU; refreshToken=eyJhbGciOiJIUzI1NiIsInR5cCI6IkpXVCJ9.eyJlbWFpbCI6Inlzb3Rnb29kQGdtYWlsLmNvbSIsInN1YiI6MywiaWF0IjoxNzQ0Mzk4ODg0LCJleHAiOjE3NDUwMDM2ODR9.QCwqeVCOImIaw_4n_GOl9wGC6wLJa72XrfyLoJJ2xNY","if-none-match":"W/\"125c-6W49U4qH4qtR4SQ4zZqWvMT9f8A\""}
2025-04-11T19:22:08.872Z - Response 304 for GET /jobs?limit=10
2025-04-11T19:22:12.501Z - GET /search/categories?limit=20&categories=frontend&regions=%EC%84%9C%EC%9A%B8, headers: {"host":"localhost:3000","connection":"keep-alive","sec-ch-ua-platform":"\"Windows\"","user-agent":"Mozilla/5.0 (Windows NT 10.0; Win64; x64) AppleWebKit/537.36 (KHTML, like Gecko) Chrome/135.0.0.0 Safari/537.36","accept":"application/json, text/plain, */*","sec-ch-ua":"\"Google Chrome\";v=\"135\", \"Not-A.Brand\";v=\"8\", \"Chromium\";v=\"135\"","sec-ch-ua-mobile":"?0","origin":"http://localhost:5173","sec-fetch-site":"same-site","sec-fetch-mode":"cors","sec-fetch-dest":"empty","referer":"http://localhost:5173/","accept-encoding":"gzip, deflate, br, zstd","accept-language":"ko-KR,ko;q=0.9,en-US;q=0.8,en;q=0.7","cookie":"accessToken=eyJhbGciOiJIUzI1NiIsInR5cCI6IkpXVCJ9.eyJlbWFpbCI6Inlzb3Rnb29kQGdtYWlsLmNvbSIsInN1YiI6MywiaWF0IjoxNzQ0Mzk4ODg0LCJleHAiOjE3NDQzOTk3ODR9.F4QnalFlbsguQ4RGNKecdTRfGXJrhf-HaA4CPF0wSfU; refreshToken=eyJhbGciOiJIUzI1NiIsInR5cCI6IkpXVCJ9.eyJlbWFpbCI6Inlzb3Rnb29kQGdtYWlsLmNvbSIsInN1YiI6MywiaWF0IjoxNzQ0Mzk4ODg0LCJleHAiOjE3NDUwMDM2ODR9.QCwqeVCOImIaw_4n_GOl9wGC6wLJa72XrfyLoJJ2xNY"}
2025-04-11T19:22:12.523Z - Response 200 for GET /search/categories?limit=20&categories=frontend&regions=%EC%84%9C%EC%9A%B8
2025-04-11T19:22:13.569Z - GET /search/categories?limit=20&categories=frontend&regions=%EC%84%9C%EC%9A%B8, headers: {"host":"localhost:3000","connection":"keep-alive","sec-ch-ua-platform":"\"Windows\"","user-agent":"Mozilla/5.0 (Windows NT 10.0; Win64; x64) AppleWebKit/537.36 (KHTML, like Gecko) Chrome/135.0.0.0 Safari/537.36","accept":"application/json, text/plain, */*","sec-ch-ua":"\"Google Chrome\";v=\"135\", \"Not-A.Brand\";v=\"8\", \"Chromium\";v=\"135\"","sec-ch-ua-mobile":"?0","origin":"http://localhost:5173","sec-fetch-site":"same-site","sec-fetch-mode":"cors","sec-fetch-dest":"empty","referer":"http://localhost:5173/","accept-encoding":"gzip, deflate, br, zstd","accept-language":"ko-KR,ko;q=0.9,en-US;q=0.8,en;q=0.7","cookie":"accessToken=eyJhbGciOiJIUzI1NiIsInR5cCI6IkpXVCJ9.eyJlbWFpbCI6Inlzb3Rnb29kQGdtYWlsLmNvbSIsInN1YiI6MywiaWF0IjoxNzQ0Mzk4ODg0LCJleHAiOjE3NDQzOTk3ODR9.F4QnalFlbsguQ4RGNKecdTRfGXJrhf-HaA4CPF0wSfU; refreshToken=eyJhbGciOiJIUzI1NiIsInR5cCI6IkpXVCJ9.eyJlbWFpbCI6Inlzb3Rnb29kQGdtYWlsLmNvbSIsInN1YiI6MywiaWF0IjoxNzQ0Mzk4ODg0LCJleHAiOjE3NDUwMDM2ODR9.QCwqeVCOImIaw_4n_GOl9wGC6wLJa72XrfyLoJJ2xNY","if-none-match":"W/\"57-yf5Kups76LgB1SR2WzZhznyWcgs\""}
2025-04-11T19:22:13.617Z - Response 304 for GET /search/categories?limit=20&categories=frontend&regions=%EC%84%9C%EC%9A%B8
