2025-04-14T11:45:25.215Z - 서버 시작 중...
2025-04-14T11:45:30.196Z - GET /favorites, headers: {"host":"localhost:3000","connection":"keep-alive","sec-ch-ua-platform":"\"Windows\"","user-agent":"Mozilla/5.0 (Windows NT 10.0; Win64; x64) AppleWebKit/537.36 (KHTML, like Gecko) Chrome/135.0.0.0 Safari/537.36","accept":"application/json, text/plain, */*","sec-ch-ua":"\"Google Chrome\";v=\"135\", \"Not-A.Brand\";v=\"8\", \"Chromium\";v=\"135\"","sec-ch-ua-mobile":"?0","origin":"http://localhost:5173","sec-fetch-site":"same-site","sec-fetch-mode":"cors","sec-fetch-dest":"empty","referer":"http://localhost:5173/","accept-encoding":"gzip, deflate, br, zstd","accept-language":"ko-KR,ko;q=0.9,en-US;q=0.8,en;q=0.7","cookie":"accessToken=eyJhbGciOiJIUzI1NiIsInR5cCI6IkpXVCJ9.eyJlbWFpbCI6Inlzb3Rnb29kQGdtYWlsLmNvbSIsInN1YiI6MywiaWF0IjoxNzQ0NjMwMjg0LCJleHAiOjE3NDQ2MzExODR9.Sn9n6By8KoTwxHr5EKfnHU5iKrLHqNtwx_rPZPvZqWo; refreshToken=eyJhbGciOiJIUzI1NiIsInR5cCI6IkpXVCJ9.eyJlbWFpbCI6Inlzb3Rnb29kQGdtYWlsLmNvbSIsInN1YiI6MywiaWF0IjoxNzQ0NjMwMjg0LCJleHAiOjE3NDUyMzUwODR9.t_vnGzXiit4ZaCl9DRDlGRWEnTkTV0Zfd0O6puPxuY4","if-none-match":"W/\"439-QuVZYTZjm2UmSoLIE+kxvuA+S+k\""}
2025-04-14T11:45:30.245Z - Response 304 for GET /favorites
2025-04-14T11:45:34.737Z - GET /search/categories?limit=20&categories=frontend&regions=%EC%84%9C%EC%9A%B8, headers: {"host":"localhost:3000","connection":"keep-alive","sec-ch-ua-platform":"\"Windows\"","user-agent":"Mozilla/5.0 (Windows NT 10.0; Win64; x64) AppleWebKit/537.36 (KHTML, like Gecko) Chrome/135.0.0.0 Safari/537.36","accept":"application/json, text/plain, */*","sec-ch-ua":"\"Google Chrome\";v=\"135\", \"Not-A.Brand\";v=\"8\", \"Chromium\";v=\"135\"","sec-ch-ua-mobile":"?0","origin":"http://localhost:5173","sec-fetch-site":"same-site","sec-fetch-mode":"cors","sec-fetch-dest":"empty","referer":"http://localhost:5173/","accept-encoding":"gzip, deflate, br, zstd","accept-language":"ko-KR,ko;q=0.9,en-US;q=0.8,en;q=0.7","cookie":"accessToken=eyJhbGciOiJIUzI1NiIsInR5cCI6IkpXVCJ9.eyJlbWFpbCI6Inlzb3Rnb29kQGdtYWlsLmNvbSIsInN1YiI6MywiaWF0IjoxNzQ0NjMwMjg0LCJleHAiOjE3NDQ2MzExODR9.Sn9n6By8KoTwxHr5EKfnHU5iKrLHqNtwx_rPZPvZqWo; refreshToken=eyJhbGciOiJIUzI1NiIsInR5cCI6IkpXVCJ9.eyJlbWFpbCI6Inlzb3Rnb29kQGdtYWlsLmNvbSIsInN1YiI6MywiaWF0IjoxNzQ0NjMwMjg0LCJleHAiOjE3NDUyMzUwODR9.t_vnGzXiit4ZaCl9DRDlGRWEnTkTV0Zfd0O6puPxuY4","if-none-match":"W/\"2435-5sxbkPsW3nm7xuVMqQaNufT20kw\""}
2025-04-14T11:45:34.791Z - Response 200 for GET /search/categories?limit=20&categories=frontend&regions=%EC%84%9C%EC%9A%B8
2025-04-14T11:45:45.843Z - GET /search/categories?limit=20&categories=frontend&regions=%EC%84%9C%EC%9A%B8&experiences=10%EB%85%84, headers: {"host":"localhost:3000","connection":"keep-alive","sec-ch-ua-platform":"\"Windows\"","user-agent":"Mozilla/5.0 (Windows NT 10.0; Win64; x64) AppleWebKit/537.36 (KHTML, like Gecko) Chrome/135.0.0.0 Safari/537.36","accept":"application/json, text/plain, */*","sec-ch-ua":"\"Google Chrome\";v=\"135\", \"Not-A.Brand\";v=\"8\", \"Chromium\";v=\"135\"","sec-ch-ua-mobile":"?0","origin":"http://localhost:5173","sec-fetch-site":"same-site","sec-fetch-mode":"cors","sec-fetch-dest":"empty","referer":"http://localhost:5173/","accept-encoding":"gzip, deflate, br, zstd","accept-language":"ko-KR,ko;q=0.9,en-US;q=0.8,en;q=0.7","cookie":"accessToken=eyJhbGciOiJIUzI1NiIsInR5cCI6IkpXVCJ9.eyJlbWFpbCI6Inlzb3Rnb29kQGdtYWlsLmNvbSIsInN1YiI6MywiaWF0IjoxNzQ0NjMwMjg0LCJleHAiOjE3NDQ2MzExODR9.Sn9n6By8KoTwxHr5EKfnHU5iKrLHqNtwx_rPZPvZqWo; refreshToken=eyJhbGciOiJIUzI1NiIsInR5cCI6IkpXVCJ9.eyJlbWFpbCI6Inlzb3Rnb29kQGdtYWlsLmNvbSIsInN1YiI6MywiaWF0IjoxNzQ0NjMwMjg0LCJleHAiOjE3NDUyMzUwODR9.t_vnGzXiit4ZaCl9DRDlGRWEnTkTV0Zfd0O6puPxuY4"}
2025-04-14T11:45:45.946Z - Response 200 for GET /search/categories?limit=20&categories=frontend&regions=%EC%84%9C%EC%9A%B8&experiences=10%EB%85%84
2025-04-14T11:45:53.686Z - GET /search/categories?limit=20&categories=frontend&regions=%EC%84%9C%EC%9A%B8&experiences=5%EB%85%84, headers: {"host":"localhost:3000","connection":"keep-alive","sec-ch-ua-platform":"\"Windows\"","user-agent":"Mozilla/5.0 (Windows NT 10.0; Win64; x64) AppleWebKit/537.36 (KHTML, like Gecko) Chrome/135.0.0.0 Safari/537.36","accept":"application/json, text/plain, */*","sec-ch-ua":"\"Google Chrome\";v=\"135\", \"Not-A.Brand\";v=\"8\", \"Chromium\";v=\"135\"","sec-ch-ua-mobile":"?0","origin":"http://localhost:5173","sec-fetch-site":"same-site","sec-fetch-mode":"cors","sec-fetch-dest":"empty","referer":"http://localhost:5173/","accept-encoding":"gzip, deflate, br, zstd","accept-language":"ko-KR,ko;q=0.9,en-US;q=0.8,en;q=0.7","cookie":"accessToken=eyJhbGciOiJIUzI1NiIsInR5cCI6IkpXVCJ9.eyJlbWFpbCI6Inlzb3Rnb29kQGdtYWlsLmNvbSIsInN1YiI6MywiaWF0IjoxNzQ0NjMwMjg0LCJleHAiOjE3NDQ2MzExODR9.Sn9n6By8KoTwxHr5EKfnHU5iKrLHqNtwx_rPZPvZqWo; refreshToken=eyJhbGciOiJIUzI1NiIsInR5cCI6IkpXVCJ9.eyJlbWFpbCI6Inlzb3Rnb29kQGdtYWlsLmNvbSIsInN1YiI6MywiaWF0IjoxNzQ0NjMwMjg0LCJleHAiOjE3NDUyMzUwODR9.t_vnGzXiit4ZaCl9DRDlGRWEnTkTV0Zfd0O6puPxuY4"}
2025-04-14T11:45:53.733Z - Response 200 for GET /search/categories?limit=20&categories=frontend&regions=%EC%84%9C%EC%9A%B8&experiences=5%EB%85%84
2025-04-14T11:45:58.184Z - GET /search/categories?limit=20&categories=frontend&regions=%EC%84%9C%EC%9A%B8&experiences=2%EB%85%84, headers: {"host":"localhost:3000","connection":"keep-alive","sec-ch-ua-platform":"\"Windows\"","user-agent":"Mozilla/5.0 (Windows NT 10.0; Win64; x64) AppleWebKit/537.36 (KHTML, like Gecko) Chrome/135.0.0.0 Safari/537.36","accept":"application/json, text/plain, */*","sec-ch-ua":"\"Google Chrome\";v=\"135\", \"Not-A.Brand\";v=\"8\", \"Chromium\";v=\"135\"","sec-ch-ua-mobile":"?0","origin":"http://localhost:5173","sec-fetch-site":"same-site","sec-fetch-mode":"cors","sec-fetch-dest":"empty","referer":"http://localhost:5173/","accept-encoding":"gzip, deflate, br, zstd","accept-language":"ko-KR,ko;q=0.9,en-US;q=0.8,en;q=0.7","cookie":"accessToken=eyJhbGciOiJIUzI1NiIsInR5cCI6IkpXVCJ9.eyJlbWFpbCI6Inlzb3Rnb29kQGdtYWlsLmNvbSIsInN1YiI6MywiaWF0IjoxNzQ0NjMwMjg0LCJleHAiOjE3NDQ2MzExODR9.Sn9n6By8KoTwxHr5EKfnHU5iKrLHqNtwx_rPZPvZqWo; refreshToken=eyJhbGciOiJIUzI1NiIsInR5cCI6IkpXVCJ9.eyJlbWFpbCI6Inlzb3Rnb29kQGdtYWlsLmNvbSIsInN1YiI6MywiaWF0IjoxNzQ0NjMwMjg0LCJleHAiOjE3NDUyMzUwODR9.t_vnGzXiit4ZaCl9DRDlGRWEnTkTV0Zfd0O6puPxuY4"}
2025-04-14T11:45:58.219Z - Response 200 for GET /search/categories?limit=20&categories=frontend&regions=%EC%84%9C%EC%9A%B8&experiences=2%EB%85%84
2025-04-14T11:46:11.169Z - GET /favorites, headers: {"host":"localhost:3000","connection":"keep-alive","sec-ch-ua-platform":"\"Windows\"","user-agent":"Mozilla/5.0 (Windows NT 10.0; Win64; x64) AppleWebKit/537.36 (KHTML, like Gecko) Chrome/135.0.0.0 Safari/537.36","accept":"application/json, text/plain, */*","sec-ch-ua":"\"Google Chrome\";v=\"135\", \"Not-A.Brand\";v=\"8\", \"Chromium\";v=\"135\"","sec-ch-ua-mobile":"?0","origin":"http://localhost:5173","sec-fetch-site":"same-site","sec-fetch-mode":"cors","sec-fetch-dest":"empty","referer":"http://localhost:5173/","accept-encoding":"gzip, deflate, br, zstd","accept-language":"ko-KR,ko;q=0.9,en-US;q=0.8,en;q=0.7","cookie":"accessToken=eyJhbGciOiJIUzI1NiIsInR5cCI6IkpXVCJ9.eyJlbWFpbCI6Inlzb3Rnb29kQGdtYWlsLmNvbSIsInN1YiI6MywiaWF0IjoxNzQ0NjMwMjg0LCJleHAiOjE3NDQ2MzExODR9.Sn9n6By8KoTwxHr5EKfnHU5iKrLHqNtwx_rPZPvZqWo; refreshToken=eyJhbGciOiJIUzI1NiIsInR5cCI6IkpXVCJ9.eyJlbWFpbCI6Inlzb3Rnb29kQGdtYWlsLmNvbSIsInN1YiI6MywiaWF0IjoxNzQ0NjMwMjg0LCJleHAiOjE3NDUyMzUwODR9.t_vnGzXiit4ZaCl9DRDlGRWEnTkTV0Zfd0O6puPxuY4","if-none-match":"W/\"439-QuVZYTZjm2UmSoLIE+kxvuA+S+k\""}
2025-04-14T11:46:11.269Z - Response 304 for GET /favorites
2025-04-14T11:46:32.449Z - GET /search/categories?limit=20&categories=frontend&regions=%EC%84%9C%EC%9A%B8, headers: {"host":"localhost:3000","connection":"keep-alive","sec-ch-ua-platform":"\"Windows\"","user-agent":"Mozilla/5.0 (Windows NT 10.0; Win64; x64) AppleWebKit/537.36 (KHTML, like Gecko) Chrome/135.0.0.0 Safari/537.36","accept":"application/json, text/plain, */*","sec-ch-ua":"\"Google Chrome\";v=\"135\", \"Not-A.Brand\";v=\"8\", \"Chromium\";v=\"135\"","sec-ch-ua-mobile":"?0","origin":"http://localhost:5173","sec-fetch-site":"same-site","sec-fetch-mode":"cors","sec-fetch-dest":"empty","referer":"http://localhost:5173/","accept-encoding":"gzip, deflate, br, zstd","accept-language":"ko-KR,ko;q=0.9,en-US;q=0.8,en;q=0.7","cookie":"accessToken=eyJhbGciOiJIUzI1NiIsInR5cCI6IkpXVCJ9.eyJlbWFpbCI6Inlzb3Rnb29kQGdtYWlsLmNvbSIsInN1YiI6MywiaWF0IjoxNzQ0NjMwMjg0LCJleHAiOjE3NDQ2MzExODR9.Sn9n6By8KoTwxHr5EKfnHU5iKrLHqNtwx_rPZPvZqWo; refreshToken=eyJhbGciOiJIUzI1NiIsInR5cCI6IkpXVCJ9.eyJlbWFpbCI6Inlzb3Rnb29kQGdtYWlsLmNvbSIsInN1YiI6MywiaWF0IjoxNzQ0NjMwMjg0LCJleHAiOjE3NDUyMzUwODR9.t_vnGzXiit4ZaCl9DRDlGRWEnTkTV0Zfd0O6puPxuY4","if-none-match":"W/\"2445-sGT5hJnEUUcOd9XKCFfQ5i2MMp0\""}
2025-04-14T11:46:32.546Z - Response 304 for GET /search/categories?limit=20&categories=frontend&regions=%EC%84%9C%EC%9A%B8
2025-04-14T11:46:34.794Z - GET /search/categories?limit=20&categories=frontend, headers: {"host":"localhost:3000","connection":"keep-alive","sec-ch-ua-platform":"\"Windows\"","user-agent":"Mozilla/5.0 (Windows NT 10.0; Win64; x64) AppleWebKit/537.36 (KHTML, like Gecko) Chrome/135.0.0.0 Safari/537.36","accept":"application/json, text/plain, */*","sec-ch-ua":"\"Google Chrome\";v=\"135\", \"Not-A.Brand\";v=\"8\", \"Chromium\";v=\"135\"","sec-ch-ua-mobile":"?0","origin":"http://localhost:5173","sec-fetch-site":"same-site","sec-fetch-mode":"cors","sec-fetch-dest":"empty","referer":"http://localhost:5173/","accept-encoding":"gzip, deflate, br, zstd","accept-language":"ko-KR,ko;q=0.9,en-US;q=0.8,en;q=0.7","cookie":"accessToken=eyJhbGciOiJIUzI1NiIsInR5cCI6IkpXVCJ9.eyJlbWFpbCI6Inlzb3Rnb29kQGdtYWlsLmNvbSIsInN1YiI6MywiaWF0IjoxNzQ0NjMwMjg0LCJleHAiOjE3NDQ2MzExODR9.Sn9n6By8KoTwxHr5EKfnHU5iKrLHqNtwx_rPZPvZqWo; refreshToken=eyJhbGciOiJIUzI1NiIsInR5cCI6IkpXVCJ9.eyJlbWFpbCI6Inlzb3Rnb29kQGdtYWlsLmNvbSIsInN1YiI6MywiaWF0IjoxNzQ0NjMwMjg0LCJleHAiOjE3NDUyMzUwODR9.t_vnGzXiit4ZaCl9DRDlGRWEnTkTV0Zfd0O6puPxuY4","if-none-match":"W/\"246b-ck0ZzCVQ+5JqcFYcgf5BxuGhoGE\""}
2025-04-14T11:46:34.834Z - Response 200 for GET /search/categories?limit=20&categories=frontend
2025-04-14T11:47:23.684Z - GET /search/categories?limit=20&categories=frontend&regions=%EC%84%9C%EC%9A%B8&experiences=3%EB%85%84, headers: {"host":"localhost:3000","connection":"keep-alive","sec-ch-ua-platform":"\"Windows\"","user-agent":"Mozilla/5.0 (Windows NT 10.0; Win64; x64) AppleWebKit/537.36 (KHTML, like Gecko) Chrome/135.0.0.0 Safari/537.36","accept":"application/json, text/plain, */*","sec-ch-ua":"\"Google Chrome\";v=\"135\", \"Not-A.Brand\";v=\"8\", \"Chromium\";v=\"135\"","sec-ch-ua-mobile":"?0","origin":"http://localhost:5173","sec-fetch-site":"same-site","sec-fetch-mode":"cors","sec-fetch-dest":"empty","referer":"http://localhost:5173/","accept-encoding":"gzip, deflate, br, zstd","accept-language":"ko-KR,ko;q=0.9,en-US;q=0.8,en;q=0.7","cookie":"accessToken=eyJhbGciOiJIUzI1NiIsInR5cCI6IkpXVCJ9.eyJlbWFpbCI6Inlzb3Rnb29kQGdtYWlsLmNvbSIsInN1YiI6MywiaWF0IjoxNzQ0NjMwMjg0LCJleHAiOjE3NDQ2MzExODR9.Sn9n6By8KoTwxHr5EKfnHU5iKrLHqNtwx_rPZPvZqWo; refreshToken=eyJhbGciOiJIUzI1NiIsInR5cCI6IkpXVCJ9.eyJlbWFpbCI6Inlzb3Rnb29kQGdtYWlsLmNvbSIsInN1YiI6MywiaWF0IjoxNzQ0NjMwMjg0LCJleHAiOjE3NDUyMzUwODR9.t_vnGzXiit4ZaCl9DRDlGRWEnTkTV0Zfd0O6puPxuY4"}
2025-04-14T11:47:23.816Z - Response 200 for GET /search/categories?limit=20&categories=frontend&regions=%EC%84%9C%EC%9A%B8&experiences=3%EB%85%84
2025-04-14T11:48:24.125Z - GET /jobs?limit=10, headers: {"host":"localhost:3000","connection":"keep-alive","sec-ch-ua-platform":"\"Windows\"","user-agent":"Mozilla/5.0 (Windows NT 10.0; Win64; x64) AppleWebKit/537.36 (KHTML, like Gecko) Chrome/135.0.0.0 Safari/537.36","accept":"application/json, text/plain, */*","sec-ch-ua":"\"Google Chrome\";v=\"135\", \"Not-A.Brand\";v=\"8\", \"Chromium\";v=\"135\"","sec-ch-ua-mobile":"?0","origin":"http://localhost:5173","sec-fetch-site":"same-site","sec-fetch-mode":"cors","sec-fetch-dest":"empty","referer":"http://localhost:5173/","accept-encoding":"gzip, deflate, br, zstd","accept-language":"ko-KR,ko;q=0.9,en-US;q=0.8,en;q=0.7","cookie":"accessToken=eyJhbGciOiJIUzI1NiIsInR5cCI6IkpXVCJ9.eyJlbWFpbCI6Inlzb3Rnb29kQGdtYWlsLmNvbSIsInN1YiI6MywiaWF0IjoxNzQ0NjMwMjg0LCJleHAiOjE3NDQ2MzExODR9.Sn9n6By8KoTwxHr5EKfnHU5iKrLHqNtwx_rPZPvZqWo; refreshToken=eyJhbGciOiJIUzI1NiIsInR5cCI6IkpXVCJ9.eyJlbWFpbCI6Inlzb3Rnb29kQGdtYWlsLmNvbSIsInN1YiI6MywiaWF0IjoxNzQ0NjMwMjg0LCJleHAiOjE3NDUyMzUwODR9.t_vnGzXiit4ZaCl9DRDlGRWEnTkTV0Zfd0O6puPxuY4","if-none-match":"W/\"1220-ZlHcJTz9O0C1xOuBUrvxch1WPPU\""}
2025-04-14T11:48:24.209Z - Response 304 for GET /jobs?limit=10
2025-04-14T11:48:56.748Z - GET /search/categories?limit=20&categories=backend&regions=%EC%84%9C%EC%9A%B8&experiences=10%EB%85%84, headers: {"host":"localhost:3000","connection":"keep-alive","sec-ch-ua-platform":"\"Windows\"","user-agent":"Mozilla/5.0 (Windows NT 10.0; Win64; x64) AppleWebKit/537.36 (KHTML, like Gecko) Chrome/135.0.0.0 Safari/537.36","accept":"application/json, text/plain, */*","sec-ch-ua":"\"Google Chrome\";v=\"135\", \"Not-A.Brand\";v=\"8\", \"Chromium\";v=\"135\"","sec-ch-ua-mobile":"?0","origin":"http://localhost:5173","sec-fetch-site":"same-site","sec-fetch-mode":"cors","sec-fetch-dest":"empty","referer":"http://localhost:5173/","accept-encoding":"gzip, deflate, br, zstd","accept-language":"ko-KR,ko;q=0.9,en-US;q=0.8,en;q=0.7","cookie":"accessToken=eyJhbGciOiJIUzI1NiIsInR5cCI6IkpXVCJ9.eyJlbWFpbCI6Inlzb3Rnb29kQGdtYWlsLmNvbSIsInN1YiI6MywiaWF0IjoxNzQ0NjMwMjg0LCJleHAiOjE3NDQ2MzExODR9.Sn9n6By8KoTwxHr5EKfnHU5iKrLHqNtwx_rPZPvZqWo; refreshToken=eyJhbGciOiJIUzI1NiIsInR5cCI6IkpXVCJ9.eyJlbWFpbCI6Inlzb3Rnb29kQGdtYWlsLmNvbSIsInN1YiI6MywiaWF0IjoxNzQ0NjMwMjg0LCJleHAiOjE3NDUyMzUwODR9.t_vnGzXiit4ZaCl9DRDlGRWEnTkTV0Zfd0O6puPxuY4"}
2025-04-14T11:48:56.881Z - Response 200 for GET /search/categories?limit=20&categories=backend&regions=%EC%84%9C%EC%9A%B8&experiences=10%EB%85%84
2025-04-14T15:03:21.280Z - GET /, headers: {"host":"125.141.61.89:3000","user-agent":"Mozilla/5.0 (Macintosh; Intel Mac OS X 10_11_5) AppleWebKit/537.36 (KHTML, like Gecko) Chrome/50.0.2661.102 Safari/537.36","accept-encoding":"gzip","connection":"close"}
2025-04-14T15:03:21.436Z - 예외 발생: GET /, 
      오류: Cannot GET /, 
      스택: NotFoundException: Cannot GET /
    at callback (F:\PJT 자료\Jobsync-Backend\JobSync-Backend\node_modules\@nestjs\core\router\routes-resolver.js:77:19)
    at F:\PJT 자료\Jobsync-Backend\JobSync-Backend\node_modules\@nestjs\core\router\router-proxy.js:9:23
    at Layer.handleRequest (F:\PJT 자료\Jobsync-Backend\JobSync-Backend\node_modules\router\lib\layer.js:152:17)
    at trimPrefix (F:\PJT 자료\Jobsync-Backend\JobSync-Backend\node_modules\router\index.js:342:13)
    at F:\PJT 자료\Jobsync-Backend\JobSync-Backend\node_modules\router\index.js:297:9
    at processParams (F:\PJT 자료\Jobsync-Backend\JobSync-Backend\node_modules\router\index.js:582:12)
    at next (F:\PJT 자료\Jobsync-Backend\JobSync-Backend\node_modules\router\index.js:291:5)
    at urlencodedParser (F:\PJT 자료\Jobsync-Backend\JobSync-Backend\node_modules\body-parser\lib\types\urlencoded.js:68:7)
    at Layer.handleRequest (F:\PJT 자료\Jobsync-Backend\JobSync-Backend\node_modules\router\lib\layer.js:152:17)
    at trimPrefix (F:\PJT 자료\Jobsync-Backend\JobSync-Backend\node_modules\router\index.js:342:13)
2025-04-14T15:03:21.456Z - Response 404 for GET /
2025-04-14T18:41:58.941Z - GET /, headers: {"host":"125.141.61.89:3000","user-agent":"Expanse, a Palo Alto Networks company, searches across the global IPv4 space multiple times per day to identify customers&#39; presences on the Internet. If you would like to be excluded from our scans, please send IP addresses/domains to: scaninfo@paloaltonetworks.com","accept-encoding":"gzip"}
2025-04-14T18:41:58.946Z - 예외 발생: GET /, 
      오류: Cannot GET /, 
      스택: NotFoundException: Cannot GET /
    at callback (F:\PJT 자료\Jobsync-Backend\JobSync-Backend\node_modules\@nestjs\core\router\routes-resolver.js:77:19)
    at F:\PJT 자료\Jobsync-Backend\JobSync-Backend\node_modules\@nestjs\core\router\router-proxy.js:9:23
    at Layer.handleRequest (F:\PJT 자료\Jobsync-Backend\JobSync-Backend\node_modules\router\lib\layer.js:152:17)
    at trimPrefix (F:\PJT 자료\Jobsync-Backend\JobSync-Backend\node_modules\router\index.js:342:13)
    at F:\PJT 자료\Jobsync-Backend\JobSync-Backend\node_modules\router\index.js:297:9
    at processParams (F:\PJT 자료\Jobsync-Backend\JobSync-Backend\node_modules\router\index.js:582:12)
    at next (F:\PJT 자료\Jobsync-Backend\JobSync-Backend\node_modules\router\index.js:291:5)
    at urlencodedParser (F:\PJT 자료\Jobsync-Backend\JobSync-Backend\node_modules\body-parser\lib\types\urlencoded.js:68:7)
    at Layer.handleRequest (F:\PJT 자료\Jobsync-Backend\JobSync-Backend\node_modules\router\lib\layer.js:152:17)
    at trimPrefix (F:\PJT 자료\Jobsync-Backend\JobSync-Backend\node_modules\router\index.js:342:13)
2025-04-14T18:41:58.952Z - Response 404 for GET /
2025-04-14T19:38:27.790Z - GET /pdown, headers: {"host":"125.141.61.89","accept":"*/*"}
2025-04-14T19:38:27.793Z - 예외 발생: GET /pdown, 
      오류: Cannot GET /pdown, 
      스택: NotFoundException: Cannot GET /pdown
    at callback (F:\PJT 자료\Jobsync-Backend\JobSync-Backend\node_modules\@nestjs\core\router\routes-resolver.js:77:19)
    at F:\PJT 자료\Jobsync-Backend\JobSync-Backend\node_modules\@nestjs\core\router\router-proxy.js:9:23
    at Layer.handleRequest (F:\PJT 자료\Jobsync-Backend\JobSync-Backend\node_modules\router\lib\layer.js:152:17)
    at trimPrefix (F:\PJT 자료\Jobsync-Backend\JobSync-Backend\node_modules\router\index.js:342:13)
    at F:\PJT 자료\Jobsync-Backend\JobSync-Backend\node_modules\router\index.js:297:9
    at processParams (F:\PJT 자료\Jobsync-Backend\JobSync-Backend\node_modules\router\index.js:582:12)
    at next (F:\PJT 자료\Jobsync-Backend\JobSync-Backend\node_modules\router\index.js:291:5)
    at urlencodedParser (F:\PJT 자료\Jobsync-Backend\JobSync-Backend\node_modules\body-parser\lib\types\urlencoded.js:68:7)
    at Layer.handleRequest (F:\PJT 자료\Jobsync-Backend\JobSync-Backend\node_modules\router\lib\layer.js:152:17)
    at trimPrefix (F:\PJT 자료\Jobsync-Backend\JobSync-Backend\node_modules\router\index.js:342:13)
2025-04-14T19:38:27.802Z - Response 404 for GET /pdown
2025-04-14T19:39:38.145Z - GET /@fs/proc/self/environ?raw??, headers: {"host":"125.141.61.89:3000","user-agent":"Mozilla/5.0 (Macintosh; Intel Mac OS X 10_15_7) AppleWebKit/537.36 (KHTML, like Gecko) Chrome/112.0.0.0 Safari/537.36 Edg/112.0.1722.34","accept-charset":"utf-8","accept-encoding":"gzip","connection":"close"}
2025-04-14T19:39:38.148Z - 예외 발생: GET /@fs/proc/self/environ?raw??, 
      오류: Cannot GET /@fs/proc/self/environ?raw??, 
      스택: NotFoundException: Cannot GET /@fs/proc/self/environ?raw??
    at callback (F:\PJT 자료\Jobsync-Backend\JobSync-Backend\node_modules\@nestjs\core\router\routes-resolver.js:77:19)
    at F:\PJT 자료\Jobsync-Backend\JobSync-Backend\node_modules\@nestjs\core\router\router-proxy.js:9:23
    at Layer.handleRequest (F:\PJT 자료\Jobsync-Backend\JobSync-Backend\node_modules\router\lib\layer.js:152:17)
    at trimPrefix (F:\PJT 자료\Jobsync-Backend\JobSync-Backend\node_modules\router\index.js:342:13)
    at F:\PJT 자료\Jobsync-Backend\JobSync-Backend\node_modules\router\index.js:297:9
    at processParams (F:\PJT 자료\Jobsync-Backend\JobSync-Backend\node_modules\router\index.js:582:12)
    at next (F:\PJT 자료\Jobsync-Backend\JobSync-Backend\node_modules\router\index.js:291:5)
    at urlencodedParser (F:\PJT 자료\Jobsync-Backend\JobSync-Backend\node_modules\body-parser\lib\types\urlencoded.js:68:7)
    at Layer.handleRequest (F:\PJT 자료\Jobsync-Backend\JobSync-Backend\node_modules\router\lib\layer.js:152:17)
    at trimPrefix (F:\PJT 자료\Jobsync-Backend\JobSync-Backend\node_modules\router\index.js:342:13)
2025-04-14T19:39:38.150Z - Response 404 for GET /@fs/proc/self/environ?raw??
2025-04-14T21:18:13.842Z - GET /, headers: {"host":"125.141.61.89:3000","user-agent":"Mozilla/5.0 (X11; Linux x86_64) AppleWebKit/537.36 (KHTML, like Gecko) Chrome/44.0.2403.157 Safari/537.36","accept":"*/*","accept-encoding":"gzip"}
2025-04-14T21:18:13.879Z - 예외 발생: GET /, 
      오류: Cannot GET /, 
      스택: NotFoundException: Cannot GET /
    at callback (F:\PJT 자료\Jobsync-Backend\JobSync-Backend\node_modules\@nestjs\core\router\routes-resolver.js:77:19)
    at F:\PJT 자료\Jobsync-Backend\JobSync-Backend\node_modules\@nestjs\core\router\router-proxy.js:9:23
    at Layer.handleRequest (F:\PJT 자료\Jobsync-Backend\JobSync-Backend\node_modules\router\lib\layer.js:152:17)
    at trimPrefix (F:\PJT 자료\Jobsync-Backend\JobSync-Backend\node_modules\router\index.js:342:13)
    at F:\PJT 자료\Jobsync-Backend\JobSync-Backend\node_modules\router\index.js:297:9
    at processParams (F:\PJT 자료\Jobsync-Backend\JobSync-Backend\node_modules\router\index.js:582:12)
    at next (F:\PJT 자료\Jobsync-Backend\JobSync-Backend\node_modules\router\index.js:291:5)
    at urlencodedParser (F:\PJT 자료\Jobsync-Backend\JobSync-Backend\node_modules\body-parser\lib\types\urlencoded.js:68:7)
    at Layer.handleRequest (F:\PJT 자료\Jobsync-Backend\JobSync-Backend\node_modules\router\lib\layer.js:152:17)
    at trimPrefix (F:\PJT 자료\Jobsync-Backend\JobSync-Backend\node_modules\router\index.js:342:13)
2025-04-14T21:18:13.880Z - Response 404 for GET /
2025-04-14T23:59:48.005Z - GET /favorites, headers: {"host":"localhost:3000","connection":"keep-alive","sec-ch-ua-platform":"\"Windows\"","user-agent":"Mozilla/5.0 (Windows NT 10.0; Win64; x64) AppleWebKit/537.36 (KHTML, like Gecko) Chrome/135.0.0.0 Safari/537.36","accept":"application/json, text/plain, */*","sec-ch-ua":"\"Google Chrome\";v=\"135\", \"Not-A.Brand\";v=\"8\", \"Chromium\";v=\"135\"","sec-ch-ua-mobile":"?0","origin":"http://localhost:5173","sec-fetch-site":"same-site","sec-fetch-mode":"cors","sec-fetch-dest":"empty","referer":"http://localhost:5173/","accept-encoding":"gzip, deflate, br, zstd","accept-language":"ko-KR,ko;q=0.9,en-US;q=0.8,en;q=0.7","cookie":"accessToken=eyJhbGciOiJIUzI1NiIsInR5cCI6IkpXVCJ9.eyJlbWFpbCI6Inlzb3Rnb29kQGdtYWlsLmNvbSIsInN1YiI6MywiaWF0IjoxNzQ0NjMwMjg0LCJleHAiOjE3NDQ2MzExODR9.Sn9n6By8KoTwxHr5EKfnHU5iKrLHqNtwx_rPZPvZqWo; refreshToken=eyJhbGciOiJIUzI1NiIsInR5cCI6IkpXVCJ9.eyJlbWFpbCI6Inlzb3Rnb29kQGdtYWlsLmNvbSIsInN1YiI6MywiaWF0IjoxNzQ0NjMwMjg0LCJleHAiOjE3NDUyMzUwODR9.t_vnGzXiit4ZaCl9DRDlGRWEnTkTV0Zfd0O6puPxuY4","if-none-match":"W/\"439-QuVZYTZjm2UmSoLIE+kxvuA+S+k\""}
2025-04-14T23:59:48.083Z - 예외 발생: GET /favorites, 
      오류: Unauthorized, 
      스택: UnauthorizedException: Unauthorized
    at JwtAuthGuard.handleRequest (F:\PJT 자료\Jobsync-Backend\JobSync-Backend\node_modules\@nestjs\passport\dist\auth.guard.js:60:30)
    at F:\PJT 자료\Jobsync-Backend\JobSync-Backend\node_modules\@nestjs\passport\dist\auth.guard.js:44:124
    at F:\PJT 자료\Jobsync-Backend\JobSync-Backend\node_modules\@nestjs\passport\dist\auth.guard.js:83:24
    at allFailed (F:\PJT 자료\Jobsync-Backend\JobSync-Backend\node_modules\passport\lib\middleware\authenticate.js:110:18)
    at attempt (F:\PJT 자료\Jobsync-Backend\JobSync-Backend\node_modules\passport\lib\middleware\authenticate.js:183:28)
    at strategy.fail (F:\PJT 자료\Jobsync-Backend\JobSync-Backend\node_modules\passport\lib\middleware\authenticate.js:314:9)
    at F:\PJT 자료\Jobsync-Backend\JobSync-Backend\node_modules\passport-jwt\lib\strategy.js:106:33
    at F:\PJT 자료\Jobsync-Backend\JobSync-Backend\node_modules\jsonwebtoken\verify.js:190:16
    at getSecret (F:\PJT 자료\Jobsync-Backend\JobSync-Backend\node_modules\jsonwebtoken\verify.js:97:14)
    at module.exports [as verify] (F:\PJT 자료\Jobsync-Backend\JobSync-Backend\node_modules\jsonwebtoken\verify.js:101:10)
2025-04-14T23:59:48.085Z - Response 401 for GET /favorites
2025-04-14T23:59:48.105Z - POST /auth/refresh, headers: {"host":"localhost:3000","connection":"keep-alive","content-length":"0","sec-ch-ua-platform":"\"Windows\"","user-agent":"Mozilla/5.0 (Windows NT 10.0; Win64; x64) AppleWebKit/537.36 (KHTML, like Gecko) Chrome/135.0.0.0 Safari/537.36","accept":"application/json, text/plain, */*","sec-ch-ua":"\"Google Chrome\";v=\"135\", \"Not-A.Brand\";v=\"8\", \"Chromium\";v=\"135\"","sec-ch-ua-mobile":"?0","origin":"http://localhost:5173","sec-fetch-site":"same-site","sec-fetch-mode":"cors","sec-fetch-dest":"empty","referer":"http://localhost:5173/","accept-encoding":"gzip, deflate, br, zstd","accept-language":"ko-KR,ko;q=0.9,en-US;q=0.8,en;q=0.7","cookie":"accessToken=eyJhbGciOiJIUzI1NiIsInR5cCI6IkpXVCJ9.eyJlbWFpbCI6Inlzb3Rnb29kQGdtYWlsLmNvbSIsInN1YiI6MywiaWF0IjoxNzQ0NjMwMjg0LCJleHAiOjE3NDQ2MzExODR9.Sn9n6By8KoTwxHr5EKfnHU5iKrLHqNtwx_rPZPvZqWo; refreshToken=eyJhbGciOiJIUzI1NiIsInR5cCI6IkpXVCJ9.eyJlbWFpbCI6Inlzb3Rnb29kQGdtYWlsLmNvbSIsInN1YiI6MywiaWF0IjoxNzQ0NjMwMjg0LCJleHAiOjE3NDUyMzUwODR9.t_vnGzXiit4ZaCl9DRDlGRWEnTkTV0Zfd0O6puPxuY4"}
2025-04-14T23:59:48.149Z - 예외 발생: POST /auth/refresh, 
      오류: Invalid token, 
      스택: UnauthorizedException: Invalid token
    at AuthService.refreshToken (F:\PJT 자료\Jobsync-Backend\JobSync-Backend\src\modules\auth\auth.service.ts:201:13)
    at AuthController.refreshToken (F:\PJT 자료\Jobsync-Backend\JobSync-Backend\src\modules\auth\auth.controller.ts:78:29)
    at F:\PJT 자료\Jobsync-Backend\JobSync-Backend\node_modules\@nestjs\core\router\router-execution-context.js:38:29
    at process.processTicksAndRejections (node:internal/process/task_queues:95:5)
    at async F:\PJT 자료\Jobsync-Backend\JobSync-Backend\node_modules\@nestjs\core\router\router-execution-context.js:46:28
    at async F:\PJT 자료\Jobsync-Backend\JobSync-Backend\node_modules\@nestjs\core\router\router-proxy.js:9:17
2025-04-14T23:59:48.152Z - Response 401 for POST /auth/refresh
2025-04-14T23:59:49.790Z - GET /favorites, headers: {"host":"localhost:3000","connection":"keep-alive","sec-ch-ua-platform":"\"Windows\"","user-agent":"Mozilla/5.0 (Windows NT 10.0; Win64; x64) AppleWebKit/537.36 (KHTML, like Gecko) Chrome/135.0.0.0 Safari/537.36","accept":"application/json, text/plain, */*","sec-ch-ua":"\"Google Chrome\";v=\"135\", \"Not-A.Brand\";v=\"8\", \"Chromium\";v=\"135\"","sec-ch-ua-mobile":"?0","origin":"http://localhost:5173","sec-fetch-site":"same-site","sec-fetch-mode":"cors","sec-fetch-dest":"empty","referer":"http://localhost:5173/","accept-encoding":"gzip, deflate, br, zstd","accept-language":"ko-KR,ko;q=0.9,en-US;q=0.8,en;q=0.7","cookie":"accessToken=eyJhbGciOiJIUzI1NiIsInR5cCI6IkpXVCJ9.eyJlbWFpbCI6Inlzb3Rnb29kQGdtYWlsLmNvbSIsInN1YiI6MywiaWF0IjoxNzQ0NjMwMjg0LCJleHAiOjE3NDQ2MzExODR9.Sn9n6By8KoTwxHr5EKfnHU5iKrLHqNtwx_rPZPvZqWo; refreshToken=eyJhbGciOiJIUzI1NiIsInR5cCI6IkpXVCJ9.eyJlbWFpbCI6Inlzb3Rnb29kQGdtYWlsLmNvbSIsInN1YiI6MywiaWF0IjoxNzQ0NjMwMjg0LCJleHAiOjE3NDUyMzUwODR9.t_vnGzXiit4ZaCl9DRDlGRWEnTkTV0Zfd0O6puPxuY4","if-none-match":"W/\"439-QuVZYTZjm2UmSoLIE+kxvuA+S+k\""}
2025-04-14T23:59:49.795Z - 예외 발생: GET /favorites, 
      오류: Unauthorized, 
      스택: UnauthorizedException: Unauthorized
    at JwtAuthGuard.handleRequest (F:\PJT 자료\Jobsync-Backend\JobSync-Backend\node_modules\@nestjs\passport\dist\auth.guard.js:60:30)
    at F:\PJT 자료\Jobsync-Backend\JobSync-Backend\node_modules\@nestjs\passport\dist\auth.guard.js:44:124
    at F:\PJT 자료\Jobsync-Backend\JobSync-Backend\node_modules\@nestjs\passport\dist\auth.guard.js:83:24
    at allFailed (F:\PJT 자료\Jobsync-Backend\JobSync-Backend\node_modules\passport\lib\middleware\authenticate.js:110:18)
    at attempt (F:\PJT 자료\Jobsync-Backend\JobSync-Backend\node_modules\passport\lib\middleware\authenticate.js:183:28)
    at strategy.fail (F:\PJT 자료\Jobsync-Backend\JobSync-Backend\node_modules\passport\lib\middleware\authenticate.js:314:9)
    at F:\PJT 자료\Jobsync-Backend\JobSync-Backend\node_modules\passport-jwt\lib\strategy.js:106:33
    at F:\PJT 자료\Jobsync-Backend\JobSync-Backend\node_modules\jsonwebtoken\verify.js:190:16
    at getSecret (F:\PJT 자료\Jobsync-Backend\JobSync-Backend\node_modules\jsonwebtoken\verify.js:97:14)
    at module.exports [as verify] (F:\PJT 자료\Jobsync-Backend\JobSync-Backend\node_modules\jsonwebtoken\verify.js:101:10)
2025-04-14T23:59:49.797Z - Response 401 for GET /favorites
2025-04-14T23:59:49.837Z - POST /auth/refresh, headers: {"host":"localhost:3000","connection":"keep-alive","content-length":"0","sec-ch-ua-platform":"\"Windows\"","user-agent":"Mozilla/5.0 (Windows NT 10.0; Win64; x64) AppleWebKit/537.36 (KHTML, like Gecko) Chrome/135.0.0.0 Safari/537.36","accept":"application/json, text/plain, */*","sec-ch-ua":"\"Google Chrome\";v=\"135\", \"Not-A.Brand\";v=\"8\", \"Chromium\";v=\"135\"","sec-ch-ua-mobile":"?0","origin":"http://localhost:5173","sec-fetch-site":"same-site","sec-fetch-mode":"cors","sec-fetch-dest":"empty","referer":"http://localhost:5173/","accept-encoding":"gzip, deflate, br, zstd","accept-language":"ko-KR,ko;q=0.9,en-US;q=0.8,en;q=0.7","cookie":"accessToken=eyJhbGciOiJIUzI1NiIsInR5cCI6IkpXVCJ9.eyJlbWFpbCI6Inlzb3Rnb29kQGdtYWlsLmNvbSIsInN1YiI6MywiaWF0IjoxNzQ0NjMwMjg0LCJleHAiOjE3NDQ2MzExODR9.Sn9n6By8KoTwxHr5EKfnHU5iKrLHqNtwx_rPZPvZqWo; refreshToken=eyJhbGciOiJIUzI1NiIsInR5cCI6IkpXVCJ9.eyJlbWFpbCI6Inlzb3Rnb29kQGdtYWlsLmNvbSIsInN1YiI6MywiaWF0IjoxNzQ0NjMwMjg0LCJleHAiOjE3NDUyMzUwODR9.t_vnGzXiit4ZaCl9DRDlGRWEnTkTV0Zfd0O6puPxuY4"}
2025-04-14T23:59:49.842Z - 예외 발생: POST /auth/refresh, 
      오류: Invalid token, 
      스택: UnauthorizedException: Invalid token
    at AuthService.refreshToken (F:\PJT 자료\Jobsync-Backend\JobSync-Backend\src\modules\auth\auth.service.ts:201:13)
    at AuthController.refreshToken (F:\PJT 자료\Jobsync-Backend\JobSync-Backend\src\modules\auth\auth.controller.ts:78:29)
    at F:\PJT 자료\Jobsync-Backend\JobSync-Backend\node_modules\@nestjs\core\router\router-execution-context.js:38:29
    at process.processTicksAndRejections (node:internal/process/task_queues:95:5)
    at async F:\PJT 자료\Jobsync-Backend\JobSync-Backend\node_modules\@nestjs\core\router\router-execution-context.js:46:28
    at async F:\PJT 자료\Jobsync-Backend\JobSync-Backend\node_modules\@nestjs\core\router\router-proxy.js:9:17
2025-04-14T23:59:49.844Z - Response 401 for POST /auth/refresh
2025-04-15T00:16:15.485Z - GET /, headers: {"host":"125.141.61.89","accept-encoding":"gzip, deflate","accept":"text/html,application/xhtml+xml,application/xml;q=0.9,image/avif,image/webp,image/apng,*/*;q=0.8,application/signed-exchange;v=b3;q=0.7","accept-language":"en-US,en;q=0.9","pragma":"no-cache","cache-control":"no-cache","user-agent":"Mozilla/5.0 (compatible)"}
2025-04-15T00:16:15.488Z - 예외 발생: GET /, 
      오류: Cannot GET /, 
      스택: NotFoundException: Cannot GET /
    at callback (F:\PJT 자료\Jobsync-Backend\JobSync-Backend\node_modules\@nestjs\core\router\routes-resolver.js:77:19)
    at F:\PJT 자료\Jobsync-Backend\JobSync-Backend\node_modules\@nestjs\core\router\router-proxy.js:9:23
    at Layer.handleRequest (F:\PJT 자료\Jobsync-Backend\JobSync-Backend\node_modules\router\lib\layer.js:152:17)
    at trimPrefix (F:\PJT 자료\Jobsync-Backend\JobSync-Backend\node_modules\router\index.js:342:13)
    at F:\PJT 자료\Jobsync-Backend\JobSync-Backend\node_modules\router\index.js:297:9
    at processParams (F:\PJT 자료\Jobsync-Backend\JobSync-Backend\node_modules\router\index.js:582:12)
    at next (F:\PJT 자료\Jobsync-Backend\JobSync-Backend\node_modules\router\index.js:291:5)
    at urlencodedParser (F:\PJT 자료\Jobsync-Backend\JobSync-Backend\node_modules\body-parser\lib\types\urlencoded.js:68:7)
    at Layer.handleRequest (F:\PJT 자료\Jobsync-Backend\JobSync-Backend\node_modules\router\lib\layer.js:152:17)
    at trimPrefix (F:\PJT 자료\Jobsync-Backend\JobSync-Backend\node_modules\router\index.js:342:13)
2025-04-15T00:16:15.491Z - Response 404 for GET /
2025-04-15T00:16:16.070Z - GET /favicon.ico, headers: {"host":"125.141.61.89","accept-encoding":"gzip, deflate","accept":"text/html,application/xhtml+xml,application/xml;q=0.9,image/avif,image/webp,image/apng,*/*;q=0.8,application/signed-exchange;v=b3;q=0.7","accept-language":"en-US,en;q=0.9","pragma":"no-cache","cache-control":"no-cache","user-agent":"Mozilla/5.0 (compatible)","referer":"http://125.141.61.89:3000/"}
2025-04-15T00:16:16.072Z - 예외 발생: GET /favicon.ico, 
      오류: Cannot GET /favicon.ico, 
      스택: NotFoundException: Cannot GET /favicon.ico
    at callback (F:\PJT 자료\Jobsync-Backend\JobSync-Backend\node_modules\@nestjs\core\router\routes-resolver.js:77:19)
    at F:\PJT 자료\Jobsync-Backend\JobSync-Backend\node_modules\@nestjs\core\router\router-proxy.js:9:23
    at Layer.handleRequest (F:\PJT 자료\Jobsync-Backend\JobSync-Backend\node_modules\router\lib\layer.js:152:17)
    at trimPrefix (F:\PJT 자료\Jobsync-Backend\JobSync-Backend\node_modules\router\index.js:342:13)
    at F:\PJT 자료\Jobsync-Backend\JobSync-Backend\node_modules\router\index.js:297:9
    at processParams (F:\PJT 자료\Jobsync-Backend\JobSync-Backend\node_modules\router\index.js:582:12)
    at next (F:\PJT 자료\Jobsync-Backend\JobSync-Backend\node_modules\router\index.js:291:5)
    at urlencodedParser (F:\PJT 자료\Jobsync-Backend\JobSync-Backend\node_modules\body-parser\lib\types\urlencoded.js:68:7)
    at Layer.handleRequest (F:\PJT 자료\Jobsync-Backend\JobSync-Backend\node_modules\router\lib\layer.js:152:17)
    at trimPrefix (F:\PJT 자료\Jobsync-Backend\JobSync-Backend\node_modules\router\index.js:342:13)
2025-04-15T00:16:16.073Z - Response 404 for GET /favicon.ico
